This is XeTeX, Version 3.14159265-2.6-0.99992 (TeX Live 2015/W32TeX) (preloaded format=xelatex 2020.4.8)  29 MAY 2020 18:36
entering extended mode
 restricted \write18 enabled.
 %&-line parsing enabled.
**./Amintoosi_CV_en.tex
(./Amintoosi_CV_en.tex
LaTeX2e <2016/02/01>
Babel <3.9q> and hyphenation patterns for 81 language(s) loaded.
(c:/Programs/texlive/2015/texmf-dist/tex/xelatex/bidi/biditools.sty
Package: biditools 2015/11/14 v0.8 Programming tools for bidi package
\@bidi@envbody=\toks14
\@bidi@emptytoks=\toks15
)
(c:/Programs/texlive/2015/texmf-dist/tex/latex/moderncv/moderncv.cls
Document Class: moderncv 2015/07/28 v2.0.0 modern curriculum vitae and letter d
ocument class
(c:/Programs/texlive/2015/texmf-dist/tex/latex/base/size10.clo
File: size10.clo 2014/09/29 v1.4h Standard LaTeX file (size option)
)
(c:/Programs/texlive/2015/texmf-dist/tex/latex/etoolbox/etoolbox.sty
Package: etoolbox 2015/08/02 v2.2a e-TeX tools for LaTeX (JAW)
\etb@tempcnta=\count79
)
(c:/Programs/texlive/2015/texmf-dist/tex/latex/base/ifthen.sty
Package: ifthen 2014/09/29 v1.1c Standard LaTeX ifthen package (DPC)
)
(c:/Programs/texlive/2015/texmf-dist/tex/latex/xcolor/xcolor.sty
Package: xcolor 2007/01/21 v2.11 LaTeX color extensions (UK)

(c:/Programs/texlive/2015/texmf-dist/tex/latex/latexconfig/color.cfg
File: color.cfg 2007/01/18 v1.5 color configuration of teTeX/TeXLive
)
Package xcolor Info: Driver file: xetex.def on input line 225.

(c:/Programs/texlive/2015/texmf-dist/tex/xelatex/xetex-def/xetex.def
File: xetex.def 2015/09/11 v4.06 LaTeX color/graphics driver for XeTeX (TeX Liv
e/RRM/JK)

(c:/Programs/texlive/2015/texmf-dist/tex/generic/oberdiek/infwarerr.sty
Package: infwarerr 2010/04/08 v1.3 Providing info/warning/error messages (HO)
)
(c:/Programs/texlive/2015/texmf-dist/tex/generic/oberdiek/ltxcmds.sty
Package: ltxcmds 2011/11/09 v1.22 LaTeX kernel commands for general use (HO)
))
(c:/Programs/texlive/2015/texmf-dist/tex/latex/colortbl/colortbl.sty
Package: colortbl 2012/02/13 v1.0a Color table columns (DPC)

(c:/Programs/texlive/2015/texmf-dist/tex/latex/tools/array.sty
Package: array 2014/10/28 v2.4c Tabular extension package (FMi)
\col@sep=\dimen102
\extrarowheight=\dimen103
\NC@list=\toks16
\extratabsurround=\skip41
\backup@length=\skip42
)
\everycr=\toks17
\minrowclearance=\skip43
)
\rownum=\count80
Package xcolor Info: Model `cmy' substituted by `cmy0' on input line 1337.
Package xcolor Info: Model `RGB' extended on input line 1353.
Package xcolor Info: Model `HTML' substituted by `rgb' on input line 1355.
Package xcolor Info: Model `Hsb' substituted by `hsb' on input line 1356.
Package xcolor Info: Model `tHsb' substituted by `hsb' on input line 1357.
Package xcolor Info: Model `HSB' substituted by `hsb' on input line 1358.
Package xcolor Info: Model `Gray' substituted by `gray' on input line 1359.
Package xcolor Info: Model `wave' substituted by `hsb' on input line 1360.
)
(c:/Programs/texlive/2015/texmf-dist/tex/generic/ifxetex/ifxetex.sty
Package: ifxetex 2010/09/12 v0.6 Provides ifxetex conditional
)
(c:/Programs/texlive/2015/texmf-dist/tex/generic/oberdiek/ifluatex.sty
Package: ifluatex 2010/03/01 v1.3 Provides the ifluatex switch (HO)
Package ifluatex Info: LuaTeX not detected.
)
(c:/Programs/texlive/2015/texmf-dist/tex/latex/base/fontenc.sty
Package: fontenc 2005/09/27 v1.99g Standard LaTeX package

(c:/Programs/texlive/2015/texmf-dist/tex/latex/base/t1enc.def
File: t1enc.def 2005/09/27 v1.99g Standard LaTeX file
LaTeX Font Info:    Redeclaring font encoding T1 on input line 48.
))
(c:/Programs/texlive/2015/texmf-dist/tex/latex/lm/lmodern.sty
Package: lmodern 2009/10/30 v1.6 Latin Modern Fonts
LaTeX Font Info:    Overwriting symbol font `operators' in version `normal'
(Font)                  OT1/cmr/m/n --> OT1/lmr/m/n on input line 22.
LaTeX Font Info:    Overwriting symbol font `letters' in version `normal'
(Font)                  OML/cmm/m/it --> OML/lmm/m/it on input line 23.
LaTeX Font Info:    Overwriting symbol font `symbols' in version `normal'
(Font)                  OMS/cmsy/m/n --> OMS/lmsy/m/n on input line 24.
LaTeX Font Info:    Overwriting symbol font `largesymbols' in version `normal'
(Font)                  OMX/cmex/m/n --> OMX/lmex/m/n on input line 25.
LaTeX Font Info:    Overwriting symbol font `operators' in version `bold'
(Font)                  OT1/cmr/bx/n --> OT1/lmr/bx/n on input line 26.
LaTeX Font Info:    Overwriting symbol font `letters' in version `bold'
(Font)                  OML/cmm/b/it --> OML/lmm/b/it on input line 27.
LaTeX Font Info:    Overwriting symbol font `symbols' in version `bold'
(Font)                  OMS/cmsy/b/n --> OMS/lmsy/b/n on input line 28.
LaTeX Font Info:    Overwriting symbol font `largesymbols' in version `bold'
(Font)                  OMX/cmex/m/n --> OMX/lmex/m/n on input line 29.
LaTeX Font Info:    Overwriting math alphabet `\mathbf' in version `normal'
(Font)                  OT1/cmr/bx/n --> OT1/lmr/bx/n on input line 31.
LaTeX Font Info:    Overwriting math alphabet `\mathsf' in version `normal'
(Font)                  OT1/cmss/m/n --> OT1/lmss/m/n on input line 32.
LaTeX Font Info:    Overwriting math alphabet `\mathit' in version `normal'
(Font)                  OT1/cmr/m/it --> OT1/lmr/m/it on input line 33.
LaTeX Font Info:    Overwriting math alphabet `\mathtt' in version `normal'
(Font)                  OT1/cmtt/m/n --> OT1/lmtt/m/n on input line 34.
LaTeX Font Info:    Overwriting math alphabet `\mathbf' in version `bold'
(Font)                  OT1/cmr/bx/n --> OT1/lmr/bx/n on input line 35.
LaTeX Font Info:    Overwriting math alphabet `\mathsf' in version `bold'
(Font)                  OT1/cmss/bx/n --> OT1/lmss/bx/n on input line 36.
LaTeX Font Info:    Overwriting math alphabet `\mathit' in version `bold'
(Font)                  OT1/cmr/bx/it --> OT1/lmr/bx/it on input line 37.
LaTeX Font Info:    Overwriting math alphabet `\mathtt' in version `bold'
(Font)                  OT1/cmtt/m/n --> OT1/lmtt/m/n on input line 38.
)
(c:/Programs/texlive/2015/texmf-dist/tex/latex/url/url.sty
\Urlmuskip=\muskip10
Package: url 2013/09/16  ver 3.4  Verb mode for urls, etc.
)
(c:/Programs/texlive/2015/texmf-dist/tex/latex/graphics/graphicx.sty
Package: graphicx 2014/10/28 v1.0g Enhanced LaTeX Graphics (DPC,SPQR)

(c:/Programs/texlive/2015/texmf-dist/tex/latex/graphics/keyval.sty
Package: keyval 2014/10/28 v1.15 key=value parser (DPC)
\KV@toks@=\toks18
)
(c:/Programs/texlive/2015/texmf-dist/tex/latex/graphics/graphics.sty
Package: graphics 2016/01/03 v1.0q Standard LaTeX Graphics (DPC,SPQR)

(c:/Programs/texlive/2015/texmf-dist/tex/latex/graphics/trig.sty
Package: trig 2016/01/03 v1.10 sin cos tan (DPC)
)
(c:/Programs/texlive/2015/texmf-dist/tex/latex/latexconfig/graphics.cfg
File: graphics.cfg 2010/04/23 v1.9 graphics configuration of TeX Live
)
Package graphics Info: Driver file: xetex.def on input line 95.
)
\Gin@req@height=\dimen104
\Gin@req@width=\dimen105
)
(c:/Programs/texlive/2015/texmf-dist/tex/latex/fancyhdr/fancyhdr.sty
\fancy@headwidth=\skip44
\f@ncyO@elh=\skip45
\f@ncyO@erh=\skip46
\f@ncyO@olh=\skip47
\f@ncyO@orh=\skip48
\f@ncyO@elf=\skip49
\f@ncyO@erf=\skip50
\f@ncyO@olf=\skip51
\f@ncyO@orf=\skip52
)
(c:/Programs/texlive/2015/texmf-dist/tex/latex/moderncv/tweaklist.sty)
(c:/Programs/texlive/2015/texmf-dist/tex/latex/tools/calc.sty
Package: calc 2014/10/28 v4.3 Infix arithmetic (KKT,FJ)
\calc@Acount=\count81
\calc@Bcount=\count82
\calc@Adimen=\dimen106
\calc@Bdimen=\dimen107
\calc@Askip=\skip53
\calc@Bskip=\skip54
LaTeX Info: Redefining \setlength on input line 80.
LaTeX Info: Redefining \addtolength on input line 81.
\calc@Ccount=\count83
\calc@Cskip=\skip55
)
(c:/Programs/texlive/2015/texmf-dist/tex/latex/l3packages/xparse/xparse.sty
(c:/Programs/texlive/2015/texmf-dist/tex/latex/l3kernel/expl3.sty
Package: expl3 2016/01/19 v6377 L3 programming layer (loader) 

(c:/Programs/texlive/2015/texmf-dist/tex/latex/l3kernel/expl3-code.tex
Package: expl3 2016/01/19 v6377 L3 programming layer (code)
L3 Module: l3bootstrap 2016/01/01 v6339 L3 Bootstrap code
L3 Module: l3names 2015/12/21 v6328 L3 Namespace for primitives
L3 Module: l3basics 2015/11/22 v6315 L3 Basic definitions
L3 Module: l3expan 2015/09/10 v5983 L3 Argument expansion
L3 Module: l3tl 2015/09/29 v6121 L3 Token lists
L3 Module: l3str 2016/01/03 v6357 L3 Strings
L3 Module: l3seq 2015/08/05 v5777 L3 Sequences and stacks
L3 Module: l3int 2016/01/05 v6366 L3 Integers
\c_max_int=\count84
\l_tmpa_int=\count85
\l_tmpb_int=\count86
\g_tmpa_int=\count87
\g_tmpb_int=\count88
L3 Module: l3quark 2015/08/17 v5855 L3 Quarks
L3 Module: l3prg 2015/11/01 v6216 L3 Control structures
\g__prg_map_int=\count89
L3 Module: l3clist 2015/09/02 v5901 L3 Comma separated lists
L3 Module: l3token 2015/11/11 v6249 L3 Experimental token manipulation
L3 Module: l3prop 2016/01/05 v6366 L3 Property lists
L3 Module: l3msg 2015/09/28 v6113 L3 Messages
L3 Module: l3file 2015/12/03 v6317 L3 File and I/O operations
\l_iow_line_count_int=\count90
\l__iow_target_count_int=\count91
\l__iow_current_line_int=\count92
\l__iow_current_word_int=\count93
\l__iow_current_indentation_int=\count94
L3 Module: l3skip 2016/01/05 v6366 L3 Dimensions and skips
\c_zero_dim=\dimen108
\c_max_dim=\dimen109
\l_tmpa_dim=\dimen110
\l_tmpb_dim=\dimen111
\g_tmpa_dim=\dimen112
\g_tmpb_dim=\dimen113
\c_zero_skip=\skip56
\c_max_skip=\skip57
\l_tmpa_skip=\skip58
\l_tmpb_skip=\skip59
\g_tmpa_skip=\skip60
\g_tmpb_skip=\skip61
\c_zero_muskip=\muskip11
\c_max_muskip=\muskip12
\l_tmpa_muskip=\muskip13
\l_tmpb_muskip=\muskip14
\g_tmpa_muskip=\muskip15
\g_tmpb_muskip=\muskip16
L3 Module: l3keys 2015/11/17 v6284 L3 Key-value interfaces
\g__keyval_level_int=\count95
\l_keys_choice_int=\count96
L3 Module: l3fp 2015/08/25 v5890 L3 Floating points
\c__fp_leading_shift_int=\count97
\c__fp_middle_shift_int=\count98
\c__fp_trailing_shift_int=\count99
\c__fp_big_leading_shift_int=\count100
\c__fp_big_middle_shift_int=\count101
\c__fp_big_trailing_shift_int=\count102
\c__fp_Bigg_leading_shift_int=\count103
\c__fp_Bigg_middle_shift_int=\count104
\c__fp_Bigg_trailing_shift_int=\count105
L3 Module: l3box 2015/08/09 v5822 L3 Experimental boxes
\c_empty_box=\box26
\l_tmpa_box=\box27
\l_tmpb_box=\box28
\g_tmpa_box=\box29
\g_tmpb_box=\box30
L3 Module: l3coffins 2015/08/06 v5789 L3 Coffin code layer
\l__coffin_internal_box=\box31
\l__coffin_internal_dim=\dimen114
\l__coffin_offset_x_dim=\dimen115
\l__coffin_offset_y_dim=\dimen116
\l__coffin_x_dim=\dimen117
\l__coffin_y_dim=\dimen118
\l__coffin_x_prime_dim=\dimen119
\l__coffin_y_prime_dim=\dimen120
\c_empty_coffin=\box32
\l__coffin_aligned_coffin=\box33
\l__coffin_aligned_internal_coffin=\box34
\l_tmpa_coffin=\box35
\l_tmpb_coffin=\box36
\l__coffin_display_coffin=\box37
\l__coffin_display_coord_coffin=\box38
\l__coffin_display_pole_coffin=\box39
\l__coffin_display_offset_dim=\dimen121
\l__coffin_display_x_dim=\dimen122
\l__coffin_display_y_dim=\dimen123
L3 Module: l3color 2014/08/23 v5354 L3 Experimental color support
L3 Module: l3sys 2015/09/25 v6087 L3 Experimental system/runtime functions
L3 Module: l3candidates 2016/01/14 v6376 L3 Experimental additions to l3kernel
\l__box_top_dim=\dimen124
\l__box_bottom_dim=\dimen125
\l__box_left_dim=\dimen126
\l__box_right_dim=\dimen127
\l__box_top_new_dim=\dimen128
\l__box_bottom_new_dim=\dimen129
\l__box_left_new_dim=\dimen130
\l__box_right_new_dim=\dimen131
\l__box_internal_box=\box40
\l__coffin_bounding_shift_dim=\dimen132
\l__coffin_left_corner_dim=\dimen133
\l__coffin_right_corner_dim=\dimen134
\l__coffin_bottom_corner_dim=\dimen135
\l__coffin_top_corner_dim=\dimen136
\l__coffin_scaled_total_height_dim=\dimen137
\l__coffin_scaled_width_dim=\dimen138
L3 Module: l3luatex 2015/11/11 v6250 L3 Experimental LuaTeX-specific functions
)
(c:/Programs/texlive/2015/texmf-dist/tex/latex/l3kernel/l3xdvipdfmx.def
File: l3xdvidpfmx.def 2015/11/11 v6250 L3 Experimental driver: xdvipdfmx
))
Package: xparse 2016/01/19 v6377 L3 Experimental document command parser
\l__xparse_current_arg_int=\count106
\l__xparse_m_args_int=\count107
\l__xparse_mandatory_args_int=\count108
\l__xparse_processor_int=\count109
\l__xparse_v_nesting_int=\count110
)
(c:/Programs/texlive/2015/texmf-dist/tex/latex/microtype/microtype.sty
Package: microtype 2013/05/23 v2.5a Micro-typographical refinements (RS)
\MT@toks=\toks19
\MT@count=\count111
LaTeX Info: Redefining \textls on input line 766.
\MT@outer@kern=\dimen139
LaTeX Info: Redefining \textmicrotypecontext on input line 1285.
\MT@listname@count=\count112

(c:/Programs/texlive/2015/texmf-dist/tex/latex/microtype/microtype-xetex.def
File: microtype-xetex.def 2013/05/23 v2.5a Definitions specific to xetex (RS)
LaTeX Info: Redefining \lsstyle on input line 254.
)
Package microtype Info: Loading configuration file microtype.cfg.

(c:/Programs/texlive/2015/texmf-dist/tex/latex/microtype/microtype.cfg
File: microtype.cfg 2013/05/23 v2.5a microtype main configuration file (RS)
))
(c:/Programs/texlive/2015/texmf-dist/tex/latex/moderncv/moderncvcollection.sty
Package: moderncvcollection 2015/07/28 v2.0.0 moderncv collections
\c@collection@iterator=\count113
)
(c:/Programs/texlive/2015/texmf-dist/tex/latex/moderncv/moderncvcompatibility.s
ty
Package: moderncvcompatibility 2015/07/28 v2.0.0 modern curriculum vitae and le
tter compatibility patches
)
.................................................
. LaTeX info: "xparse/define-command"
. 
. Defining command \address with sig. 'mG{}G{}' on line 236.
.................................................
\c@collection@phones@count=\count114
\c@collection@socials@count=\count115
.................................................
. LaTeX info: "xparse/define-command"
. 
. Defining command \social with sig. 'O{}O{}m' on line 263.
.................................................
.................................................
. LaTeX info: "xparse/define-command"
. 
. Defining command \photo with sig. 'O{64pt}O{0.4pt}m' on line 391.
.................................................
.................................................
. LaTeX info: "xparse/define-command"
. 
. Defining command \section with sig. 'sm' on line 449.
.................................................
.................................................
. LaTeX info: "xparse/define-command"
. 
. Defining command \subsection with sig. 'sm' on line 453.
.................................................
\c@cvcolumnscounter=\count116
\c@cvcolumnsautowidthcounter=\count117
\c@tmpiteratorcounter=\count118
\cvcolumnsdummywidth=\skip62
\cvcolumnswidth=\skip63
\cvcolumnsautowidth=\skip64
\cvcolumnautowidth=\skip65
\bibindent=\skip66
) (c:/Programs/texlive/2015/texmf-dist/tex/latex/natbib/natbib.sty
Package: natbib 2010/09/13 8.31b (PWD, AO)
\bibhang=\skip67
\bibsep=\skip68
LaTeX Info: Redefining \cite on input line 694.
\c@NAT@ctr=\count119
)
(c:/Programs/texlive/2015/texmf-dist/tex/latex/multibbl/multibbl.sty
Package: multibbl 2007/07/27 v1.1

Package: `multibbl' v1.1 <2004/07/27> (A. Syropoulos)
)
\pubEn@auxfile=\write3
\openout3 = `pubEn.aux'.


Writing auxiliary file pubEn.aux 
\pubFa@auxfile=\write4
\openout4 = `pubFa.aux'.

Writing auxiliary file pubFa.aux 

(c:/Programs/texlive/2015/texmf-dist/tex/latex/moderncv/moderncvstylecasual.sty
Package: moderncvstylecasual 2015/07/28 v2.0.0 modern curriculum vitae and lett
er style scheme: casual

(c:/Programs/texlive/2015/texmf-dist/tex/latex/moderncv/moderncviconsawesome.st
y
Package: moderncviconsawesome 2015/07/28 v2.0.0 modern curriculum vitae and let
ter icons: awesome
 (c:/Programs/texlive/2015/texmf-dist/tex/latex/fontawesome/fontawesome.sty
Package: fontawesome 2015/07/30 v4.4.0 font awesome icons

(c:/Programs/texlive/2015/texmf-dist/tex/latex/fontawesome/fontawesomesymbols-g
eneric.tex)
(c:/Programs/texlive/2015/texmf-dist/tex/latex/fontspec/fontspec.sty
Package: fontspec 2016/02/01 v2.5a Font selection for XeLaTeX and LuaLaTeX

(c:/Programs/texlive/2015/texmf-dist/tex/latex/fontspec/fontspec-xetex.sty
Package: fontspec-xetex 2016/02/01 v2.5a Font selection for XeLaTeX and LuaLaTe
X
\l_fontspec_script_int=\count120
\l_fontspec_language_int=\count121
\l_fontspec_strnum_int=\count122
\l__fontspec_tmpa_dim=\dimen140
\l__fontspec_tmpb_dim=\dimen141
\l__fontspec_tmpc_dim=\dimen142
\g__file_internal_ior=\read1

(c:/Programs/texlive/2015/texmf-dist/tex/latex/base/fontenc.sty
Package: fontenc 2005/09/27 v1.99g Standard LaTeX package

(c:/Programs/texlive/2015/texmf-dist/tex/latex/euenc/eu1enc.def
File: eu1enc.def 2010/05/27 v0.1h Experimental Unicode font encodings
)
LaTeX Font Info:    Try loading font information for EU1+lmr on input line 105.


(c:/Programs/texlive/2015/texmf-dist/tex/latex/euenc/eu1lmr.fd
File: eu1lmr.fd 2009/10/30 v1.6 Font defs for Latin Modern
))
(c:/Programs/texlive/2015/texmf-dist/tex/xelatex/xunicode/xunicode.sty
File: xunicode.sty 2011/09/09 v0.981 provides access to latin accents and many 
other characters in Unicode lower plane

(c:/Programs/texlive/2015/texmf-dist/tex/latex/tipa/t3enc.def
File: t3enc.def 2001/12/31 T3 encoding
LaTeX Font Info:    Try loading font information for EU1+lmss on input line 357
.

(c:/Programs/texlive/2015/texmf-dist/tex/latex/euenc/eu1lmss.fd
File: eu1lmss.fd 2009/10/30 v1.6 Font defs for Latin Modern
))
\tipaTiiicode=\count123
\tipasavetokens=\toks20
\tipachecktokens=\toks21
)
.................................................
. LaTeX info: "xparse/define-command"
. 
. Defining command \__fontspec_post_arg:w with sig. 'mmO{}' on line 353.
.................................................
.................................................
. LaTeX info: "xparse/define-command"
. 
. Defining command \fontspec with sig. 'om' on line 355.
.................................................
.................................................
. LaTeX info: "xparse/define-command"
. 
. Defining command \setmainfont with sig. 'om' on line 365.
.................................................
.................................................
. LaTeX info: "xparse/define-command"
. 
. Defining command \setsansfont with sig. 'om' on line 375.
.................................................
.................................................
. LaTeX info: "xparse/define-command"
. 
. Defining command \setmonofont with sig. 'om' on line 385.
.................................................
.................................................
. LaTeX info: "xparse/define-command"
. 
. Defining command \setmathrm with sig. 'om' on line 399.
.................................................
.................................................
. LaTeX info: "xparse/define-command"
. 
. Defining command \setboldmathrm with sig. 'om' on line 407.
.................................................
.................................................
. LaTeX info: "xparse/define-command"
. 
. Defining command \setmathsf with sig. 'om' on line 415.
.................................................
.................................................
. LaTeX info: "xparse/define-command"
. 
. Defining command \setmathtt with sig. 'om' on line 423.
.................................................
.................................................
. LaTeX info: "xparse/define-command"
. 
. Defining command \newfontfamily with sig. 'mom' on line 437.
.................................................
.................................................
. LaTeX info: "xparse/define-command"
. 
. Defining command \newfontface with sig. 'mom' on line 453.
.................................................
.................................................
. LaTeX info: "xparse/define-command"
. 
. Defining command \defaultfontfeatures with sig. 't+om' on line 467.
.................................................
.................................................
. LaTeX info: "xparse/define-command"
. 
. Defining command \addfontfeatures with sig. 'm' on line 529.
.................................................
.................................................
. LaTeX info: "xparse/define-command"
. 
. Defining command \newfontfeature with sig. 'mm' on line 540.
.................................................
.................................................
. LaTeX info: "xparse/define-command"
. 
. Defining command \newAATfeature with sig. 'mmmm' on line 548.
.................................................
.................................................
. LaTeX info: "xparse/define-command"
. 
. Defining command \newopentypefeature with sig. 'mmm' on line 556.
.................................................
.................................................
. LaTeX info: "xparse/define-command"
. 
. Defining command \aliasfontfeature with sig. 'mm' on line 577.
.................................................
.................................................
. LaTeX info: "xparse/define-command"
. 
. Defining command \aliasfontfeatureoption with sig. 'mmm' on line 586.
.................................................
.................................................
. LaTeX info: "xparse/define-command"
. 
. Defining command \newfontscript with sig. 'mm' on line 590.
.................................................
.................................................
. LaTeX info: "xparse/define-command"
. 
. Defining command \newfontlanguage with sig. 'mm' on line 594.
.................................................
.................................................
. LaTeX info: "xparse/define-command"
. 
. Defining command \DeclareFontsExtensions with sig. 'm' on line 599.
.................................................
\l__fontspec_tmp_int=\count124

(c:/Programs/texlive/2015/texmf-dist/tex/latex/fontspec/fontspec.cfg)
LaTeX Info: Redefining \itshape on input line 2705.
LaTeX Info: Redefining \slshape on input line 2710.
LaTeX Info: Redefining \scshape on input line 2715.
LaTeX Info: Redefining \upshape on input line 2720.
\l__fontspec_em_int=\count125
\l__fontspec_emdef_int=\count126
LaTeX Info: Redefining \em on input line 2736.
LaTeX Info: Redefining \emph on input line 2742.
LaTeX Info: Redefining \- on input line 2746.
.................................................
. LaTeX info: "xparse/redefine-command"
. 
. Redefining command \oldstylenums with sig. 'm' on line 2841.
.................................................
.................................................
. LaTeX info: "xparse/define-command"
. 
. Defining command \liningnums with sig. 'm' on line 2845.
.................................................
))
.................................................
. fontspec info: "no-scripts"
. 
. Font FontAwesome does not contain any OpenType `Script' information.
.................................................
\g__fontspec_family_FontAwesome_int=\count127
.................................................
. fontspec info: "no-font-shape"
. 
. Could not resolve font FontAwesome/BI (it probably doesn't exist).
.................................................
.................................................
. fontspec info: "no-font-shape"
. 
. Could not resolve font FontAwesome/B (it probably doesn't exist).
.................................................
.................................................
. fontspec info: "no-font-shape"
. 
. Could not resolve font FontAwesome/I (it probably doesn't exist).
.................................................
.................................................
. fontspec info: "defining-font"
. 
. Font family 'FontAwesome(0)' created for font 'FontAwesome' with options [].
. 
. This font family consists of the following NFSS series/shapes:
. - 'normal' (m/n) with NFSS spec.: <->"FontAwesome/OT:"
. - 'small caps'  (m/sc) with NFSS spec.: 
.................................................

(c:/Programs/texlive/2015/texmf-dist/tex/latex/fontawesome/fontawesomesymbols-x
eluatex.tex)))
(c:/Programs/texlive/2015/texmf-dist/tex/latex/moderncv/moderncvheadii.sty

LaTeX Warning: You have requested package `moderncvheadii',
               but the package provides `moderncvheadii'.

Package: moderncvheadii 2015/07/28 v2.0.0 modern curriculum vitae and letter he
ader variant: 2
\makeheaddetailsbox=\box41
\makeheaddetailstempbox=\box42
\makeheaddetailswidth=\skip69
\makeheaddetailsboxwidth=\skip70
\quotewidth=\skip71
\makecvheadnamewidth=\skip72
) (c:/Programs/texlive/2015/texmf-dist/tex/latex/moderncv/moderncvbodyi.sty

LaTeX Warning: You have requested package `moderncvbodyi',
               but the package provides `moderncvbodyi'.

Package: moderncvbodyi 2015/07/28 v2.0.0 modern curriculum vitae and letter bod
y variant: 1
\hintscolumnwidth=\skip73
\separatorcolumnwidth=\skip74
\maincolumnwidth=\skip75
\doubleitemcolumnwidth=\skip76
\listitemsymbolwidth=\skip77
\listitemcolumnwidth=\skip78
\listdoubleitemcolumnwidth=\skip79
.................................................
. LaTeX info: "xparse/redefine-command"
. 
. Redefining command \photo with sig. 'O{\hintscolumnwidth -0.8pt-2\fboxsep
. }O{0.4pt}m' on line 51.
.................................................
\baseletterheight=\skip80
.................................................
. LaTeX info: "xparse/redefine-command"
. 
. Redefining command \section with sig. 'sm' on line 73.
.................................................
.................................................
. LaTeX info: "xparse/redefine-command"
. 
. Redefining command \subsection with sig. 'sm' on line 80.
.................................................
\cvitemwithcommentbox=\box43
\cvitemwithcommentskilllength=\skip81
\cvitemwithcommentcommentlength=\skip82
) (c:/Programs/texlive/2015/texmf-dist/tex/latex/moderncv/moderncvfooti.sty

LaTeX Warning: You have requested package `moderncvfooti',
               but the package provides `moderncvfooti'.

Package: moderncvfooti 2015/07/28 v2.0.0 modern curriculum vitae and letter foo
ter variant: 1
\footwidth=\skip83
\footbox=\box44
\foottempbox=\box45
\footboxwidth=\skip84
)) (c:/Programs/texlive/2015/texmf-dist/tex/latex/moderncv/moderncvcolorred.sty
Package: moderncvcolorred 2015/07/28 v2.0.0 modern curriculum vitae and letter 
color scheme: red
) (c:/Programs/texlive/2015/texmf-dist/tex/latex/psnfss/pifont.sty
Package: pifont 2005/04/12 PSNFSS-v9.2a Pi font support (SPQR) 
LaTeX Font Info:    Try loading font information for U+pzd on input line 63.

(c:/Programs/texlive/2015/texmf-dist/tex/latex/psnfss/upzd.fd
File: upzd.fd 2001/06/04 font definitions for U/pzd.
)
LaTeX Font Info:    Try loading font information for U+psy on input line 64.

(c:/Programs/texlive/2015/texmf-dist/tex/latex/psnfss/upsy.fd
File: upsy.fd 2001/06/04 font definitions for U/psy.
))
(c:/Programs/texlive/2015/texmf-dist/tex/latex/geometry/geometry.sty
Package: geometry 2010/09/12 v5.6 Page Geometry

(c:/Programs/texlive/2015/texmf-dist/tex/generic/oberdiek/ifpdf.sty
Package: ifpdf 2011/01/30 v2.3 Provides the ifpdf switch (HO)
Package ifpdf Info: pdfTeX in PDF mode is not detected.
)
(c:/Programs/texlive/2015/texmf-dist/tex/generic/oberdiek/ifvtex.sty
Package: ifvtex 2010/03/01 v1.5 Detect VTeX and its facilities (HO)
Package ifvtex Info: VTeX not detected.
)
\Gm@cnth=\count128
\Gm@cntv=\count129
\c@Gm@tempcnt=\count130
\Gm@bindingoffset=\dimen143
\Gm@wd@mp=\dimen144
\Gm@odd@mp=\dimen145
\Gm@even@mp=\dimen146
\Gm@layoutwidth=\dimen147
\Gm@layoutheight=\dimen148
\Gm@layouthoffset=\dimen149
\Gm@layoutvoffset=\dimen150
\Gm@dimlist=\toks22
)
\g__fontspec_family_IRLotusICEE_int=\count131
.................................................
. fontspec info: "no-font-shape"
. 
. Could not resolve font IRLotusICEE/B (it probably doesn't exist).
.................................................
.................................................
. fontspec info: "defining-font"
. 
. Font family 'IRLotusICEE(0)' created for font 'IRLotusICEE' with options
. [Script=Arabic,Scale=1.2].
. 
. This font family consists of the following NFSS series/shapes:
. - 'normal' (m/n) with NFSS spec.:
. <->s*[1.2]"IRLotusICEE/OT:script=arab;language=DFLT;"
. - 'small caps'  (m/sc) with NFSS spec.: - 'italic' (m/it) with NFSS spec.:
. <->s*[1.2]"IRLotusICEE/I/OT:script=arab;language=DFLT;"
. - 'italic small caps'  (m/itsc) with NFSS spec.: - 'bold italic' (bx/it)
. with NFSS spec.: <->s*[1.2]"IRLotusICEE/BI/OT:script=arab;language=DFLT;"
. - 'bold italic small caps'  (bx/itsc) with NFSS spec.: 
.................................................

(c:/Programs/texlive/2015/texmf-dist/tex/latex/hyperref/hyperref.sty
Package: hyperref 2012/11/06 v6.83m Hypertext links for LaTeX

(c:/Programs/texlive/2015/texmf-dist/tex/generic/oberdiek/hobsub-hyperref.sty
Package: hobsub-hyperref 2012/05/28 v1.13 Bundle oberdiek, subset hyperref (HO)


(c:/Programs/texlive/2015/texmf-dist/tex/generic/oberdiek/hobsub-generic.sty
Package: hobsub-generic 2012/05/28 v1.13 Bundle oberdiek, subset generic (HO)
Package: hobsub 2012/05/28 v1.13 Construct package bundles (HO)
Package hobsub Info: Skipping package `infwarerr' (already loaded).
Package hobsub Info: Skipping package `ltxcmds' (already loaded).
Package hobsub Info: Skipping package `ifluatex' (already loaded).
Package hobsub Info: Skipping package `ifvtex' (already loaded).
Package: intcalc 2007/09/27 v1.1 Expandable calculations with integers (HO)
Package hobsub Info: Skipping package `ifpdf' (already loaded).
Package: etexcmds 2011/02/16 v1.5 Avoid name clashes with e-TeX commands (HO)
Package etexcmds Info: Could not find \expanded.
(etexcmds)             That can mean that you are not using pdfTeX 1.50 or
(etexcmds)             that some package has redefined \expanded.
(etexcmds)             In the latter case, load this package earlier.
Package: kvsetkeys 2012/04/25 v1.16 Key value parser (HO)
Package: kvdefinekeys 2011/04/07 v1.3 Define keys (HO)
Package: pdftexcmds 2011/11/29 v0.20 Utility functions of pdfTeX for LuaTeX (HO
)
Package pdftexcmds Info: LuaTeX not detected.
Package pdftexcmds Info: pdfTeX >= 1.30 not detected.
Package pdftexcmds Info: \pdf@primitive is available.
Package pdftexcmds Info: \pdf@ifprimitive is available.
Package pdftexcmds Info: \pdfdraftmode not found.
Package: pdfescape 2011/11/25 v1.13 Implements pdfTeX's escape features (HO)
Package: bigintcalc 2012/04/08 v1.3 Expandable calculations on big integers (HO
)
Package: bitset 2011/01/30 v1.1 Handle bit-vector datatype (HO)
Package: uniquecounter 2011/01/30 v1.2 Provide unlimited unique counter (HO)
)
Package hobsub Info: Skipping package `hobsub' (already loaded).
Package: letltxmacro 2010/09/02 v1.4 Let assignment for LaTeX macros (HO)
Package: hopatch 2012/05/28 v1.2 Wrapper for package hooks (HO)
Package: xcolor-patch 2011/01/30 xcolor patch
Package: atveryend 2011/06/30 v1.8 Hooks at the very end of document (HO)
Package: atbegshi 2011/10/05 v1.16 At begin shipout hook (HO)
Package: refcount 2011/10/16 v3.4 Data extraction from label references (HO)
Package: hycolor 2011/01/30 v1.7 Color options for hyperref/bookmark (HO)
)
(c:/Programs/texlive/2015/texmf-dist/tex/latex/oberdiek/auxhook.sty
Package: auxhook 2011/03/04 v1.3 Hooks for auxiliary files (HO)
)
(c:/Programs/texlive/2015/texmf-dist/tex/latex/oberdiek/kvoptions.sty
Package: kvoptions 2011/06/30 v3.11 Key value format for package options (HO)
)
\@linkdim=\dimen151
\Hy@linkcounter=\count132
\Hy@pagecounter=\count133

(c:/Programs/texlive/2015/texmf-dist/tex/latex/hyperref/pd1enc.def
File: pd1enc.def 2012/11/06 v6.83m Hyperref: PDFDocEncoding definition (HO)
)
\Hy@SavedSpaceFactor=\count134

(c:/Programs/texlive/2015/texmf-dist/tex/latex/latexconfig/hyperref.cfg
File: hyperref.cfg 2002/06/06 v1.2 hyperref configuration of TeXLive
)
Package hyperref Info: Option `unicode' set `true' on input line 4319.

(c:/Programs/texlive/2015/texmf-dist/tex/latex/hyperref/puenc.def
File: puenc.def 2012/11/06 v6.83m Hyperref: PDF Unicode definition (HO)
)
Package hyperref Info: Hyper figures OFF on input line 4443.
Package hyperref Info: Link nesting OFF on input line 4448.
Package hyperref Info: Hyper index ON on input line 4451.
Package hyperref Info: Plain pages OFF on input line 4458.
Package hyperref Info: Backreferencing OFF on input line 4463.
Package hyperref Info: Implicit mode ON; LaTeX internals redefined.
Package hyperref Info: Bookmarks ON on input line 4688.
\c@Hy@tempcnt=\count135
LaTeX Info: Redefining \url on input line 5041.
\XeTeXLinkMargin=\dimen152
\Fld@menulength=\count136
\Field@Width=\dimen153
\Fld@charsize=\dimen154
Package hyperref Info: Hyper figures OFF on input line 6295.
Package hyperref Info: Link nesting OFF on input line 6300.
Package hyperref Info: Hyper index ON on input line 6303.
Package hyperref Info: backreferencing OFF on input line 6310.
Package hyperref Info: Link coloring OFF on input line 6315.
Package hyperref Info: Link coloring with OCG OFF on input line 6320.
Package hyperref Info: PDF/A mode OFF on input line 6325.
LaTeX Info: Redefining \ref on input line 6365.
LaTeX Info: Redefining \pageref on input line 6369.
\Hy@abspage=\count137
\c@Item=\count138
\c@Hfootnote=\count139
)

Package hyperref Message: Driver (autodetected): hxetex.

(c:/Programs/texlive/2015/texmf-dist/tex/latex/hyperref/hxetex.def
File: hxetex.def 2012/11/06 v6.83m Hyperref driver for XeTeX

(c:/Programs/texlive/2015/texmf-dist/tex/generic/oberdiek/stringenc.sty
Package: stringenc 2011/12/02 v1.10 Convert strings between diff. encodings (HO
)
)
\pdfm@box=\box46
\c@Hy@AnnotLevel=\count140
\HyField@AnnotCount=\count141
\Fld@listcount=\count142
\c@bookmark@seq@number=\count143

(c:/Programs/texlive/2015/texmf-dist/tex/latex/oberdiek/rerunfilecheck.sty
Package: rerunfilecheck 2011/04/15 v1.7 Rerun checks for auxiliary files (HO)
Package rerunfilecheck Info: Feature \pdfmdfivesum is not available
(rerunfilecheck)             (e.g. pdfTeX or LuaTeX with package `pdftexcmds').

(rerunfilecheck)             Therefore file contents cannot be checked efficien
tly
(rerunfilecheck)             and the loading of the package is aborted.
)
\Hy@SectionHShift=\skip85
)
(c:/Programs/texlive/2015/texmf-dist/tex/xelatex/bidi/bidi.sty
Package: bidi 2015/12/07 v19.1 Bidirectional typesetting in plain TeX and LaTeX


****************************************************
* 
* bidi package (Bidirectional typesetting in
* plain TeX and LaTeX, using XeTeX engine)
* 
* Description: A convenient interface for
* typesetting bidirectional texts in plain TeX
* and LaTeX. The package includes adaptations
* for use with many other commonly-used packages.
* 
* Copyright (c) 2009--2015 Vafa Khalighi
* 
* 2015/12/07, v19.1
* 
* License: LaTeX Project Public License, version
* 1.3c or higher (your choice)
* 
* Location on CTAN: /macros/xetex/latex/bidi
* 
* Issue tracker: https://github.com/persian-tex/bidi/issues
* 
* Support: persian-tex@tug.org
****************************************************
(c:/Programs/texlive/2015/texmf-dist/tex/generic/iftex/iftex.sty
Package: iftex 2013/04/04 v0.2 Provides if(tex) conditional for PDFTeX, XeTeX, 
and LuaTeX
)
(c:/Programs/texlive/2015/texmf-dist/tex/latex/oberdiek/zref-abspage.sty
Package: zref-abspage 2012/04/04 v2.24 Module abspage for zref (HO)

(c:/Programs/texlive/2015/texmf-dist/tex/latex/oberdiek/zref-base.sty
Package: zref-base 2012/04/04 v2.24 Module base for zref (HO)
Package zref Info: New property list: main on input line 759.
Package zref Info: New property: default on input line 760.
Package zref Info: New property: page on input line 761.
)
\c@abspage=\count144
Package zref Info: New property: abspage on input line 62.
)
(c:/Programs/texlive/2015/texmf-dist/tex/latex/xkeyval/xkeyval.sty
Package: xkeyval 2014/12/03 v2.7a package option processing (HA)

(c:/Programs/texlive/2015/texmf-dist/tex/generic/xkeyval/xkeyval.tex
(c:/Programs/texlive/2015/texmf-dist/tex/generic/xkeyval/xkvutils.tex
\XKV@toks=\toks23
\XKV@tempa@toks=\toks24
)
\XKV@depth=\count145
File: xkeyval.tex 2014/12/03 v2.7a key=value parser (HA)
))
(c:/Programs/texlive/2015/texmf-dist/tex/xelatex/bidi/latex-xetex-bidi.def
File: latex-xetex-bidi.def 2015/11/14 v1.2.4 bidi adaptations for `latex.ltx' f
or XeTeX engine
\bidi@n@everypar=\toks25

(c:/Programs/texlive/2015/texmf-dist/tex/xelatex/bidi/footnote-xetex-bidi.def
File: footnote-xetex-bidi.def 2015/11/14 v0.9 bidi footnote macros for XeTeX en
gine
\c@footdir@label=\count146
\footdir@toks=\toks26
)
(c:/Programs/texlive/2015/texmf-dist/tex/xelatex/bidi/color-xetex-bidi.def
File: color-xetex-bidi.def 2013/04/08 v0.2 bidi adaptations for color package f
or XeTeX engine
LaTeX Info: Redefining \color on input line 46.
)
(c:/Programs/texlive/2015/texmf-dist/tex/xelatex/bidi/xcolor-xetex-bidi.def
File: xcolor-xetex-bidi.def 2013/04/08 v0.2 bidi adaptations for xcolor package
 for XeTeX engine
LaTeX Info: Redefining \color on input line 45.
LaTeX Info: Redefining \bidicolor on input line 88.
)
(c:/Programs/texlive/2015/texmf-dist/tex/xelatex/bidi/colortbl-xetex-bidi.def
File: colortbl-xetex-bidi.def 2012/06/10 v0.2 bidi adaptations for colortbl pac
kage for XeTeX engine
)
(c:/Programs/texlive/2015/texmf-dist/tex/xelatex/bidi/graphicx-xetex-bidi.def
File: graphicx-xetex-bidi.def 2012/01/01 v0.4 bidi adaptations for graphicx pac
kage for XeTeX engine
)
(c:/Programs/texlive/2015/texmf-dist/tex/xelatex/bidi/geometry-xetex-bidi.def
File: geometry-xetex-bidi.def 2013/04/01 v0.1 bidi adaptations for geometry pac
kage for XeTeX engine
)
(c:/Programs/texlive/2015/texmf-dist/tex/xelatex/bidi/hyperref-xetex-bidi.def
File: hyperref-xetex-bidi.def 2015/11/26 v0.9 bidi adaptations for hyperref pac
kage for XeTeX engine
)
(c:/Programs/texlive/2015/texmf-dist/tex/xelatex/bidi/fancyhdr-xetex-bidi.def
File: fancyhdr-xetex-bidi.def 2012/04/18 v0.4 bidi adaptations for fancyhdr pac
kage for XeTeX engine
)
(c:/Programs/texlive/2015/texmf-dist/tex/xelatex/bidi/array-xetex-bidi.def
File: array-xetex-bidi.def 2015/11/07 v0.3 bidi adaptations for array package f
or XeTeX engine
)
(c:/Programs/texlive/2015/texmf-dist/tex/xelatex/bidi/natbib-xetex-bidi.def
File: natbib-xetex-bidi.def 2011/06/04 v0.1 bidi adaptations for natbib package
 for XeTeX engine
))
(c:/Programs/texlive/2015/texmf-dist/tex/xelatex/bidi/loadingorder-xetex-bidi.d
ef
File: loadingorder-xetex-bidi.def 2015/10/16 v0.96 making sure that bidi is the
 last package loaded
))
Package hyperref Info: Option `breaklinks' set `true' on input line 50.
Package hyperref Info: Option `bookmarksopen' set `true' on input line 50.
 (./Amintoosi_CV_en.aux)
\openout1 = `Amintoosi_CV_en.aux'.

LaTeX Font Info:    Checking defaults for OML/cmm/m/it on input line 50.
LaTeX Font Info:    ... okay on input line 50.
LaTeX Font Info:    Checking defaults for T1/cmr/m/n on input line 50.
LaTeX Font Info:    ... okay on input line 50.
LaTeX Font Info:    Checking defaults for OT1/cmr/m/n on input line 50.
LaTeX Font Info:    ... okay on input line 50.
LaTeX Font Info:    Checking defaults for OMS/cmsy/m/n on input line 50.
LaTeX Font Info:    ... okay on input line 50.
LaTeX Font Info:    Checking defaults for OMX/cmex/m/n on input line 50.
LaTeX Font Info:    ... okay on input line 50.
LaTeX Font Info:    Checking defaults for U/cmr/m/n on input line 50.
LaTeX Font Info:    ... okay on input line 50.
LaTeX Font Info:    Checking defaults for EU1/lmr/m/n on input line 50.
LaTeX Font Info:    ... okay on input line 50.
LaTeX Font Info:    Checking defaults for T3/cmr/m/n on input line 50.
LaTeX Font Info:    Try loading font information for T3+cmr on input line 50.

(c:/Programs/texlive/2015/texmf-dist/tex/latex/tipa/t3cmr.fd
File: t3cmr.fd 2001/12/31 TIPA font definitions
)
LaTeX Font Info:    ... okay on input line 50.
LaTeX Font Info:    Checking defaults for PD1/pdf/m/n on input line 50.
LaTeX Font Info:    ... okay on input line 50.
LaTeX Font Info:    Checking defaults for PU/pdf/m/n on input line 50.
LaTeX Font Info:    ... okay on input line 50.
LaTeX Info: Redefining \microtypecontext on input line 50.
Package microtype Info: Character protrusion enabled (level 2).
Package microtype Info: Using default protrusion set `alltext'.
Package microtype Info: No adjustment of tracking.
Package microtype Info: No adjustment of spacing.
Package microtype Info: No adjustment of kerning.

(c:/Programs/texlive/2015/texmf-dist/tex/latex/microtype/mt-cmr.cfg
File: mt-cmr.cfg 2013/05/19 v2.2 microtype config. file: Computer Modern Roman 
(RS)
)
Package microtype Info: Loading generic settings for font family
(microtype)             `lmr' (encoding: EU1).
(microtype)             For optimal results, create family-specific settings.
(microtype)             See the microtype manual for details.

*geometry* driver: auto-detecting
*geometry* detected driver: xetex
*geometry* verbose mode - [ preamble ] result:
* driver: xetex
* paper: a4paper
* layout: <same size as paper>
* layoutoffset:(h,v)=(0.0pt,0.0pt)
* modes: 
* h-part:(L,W,R)=(62.59605pt, 472.31577pt, 62.59605pt)
* v-part:(T,H,B)=(65.44133pt, 694.24725pt, 85.35826pt)
* \paperwidth=597.50787pt
* \paperheight=845.04684pt
* \textwidth=472.31577pt
* \textheight=694.24725pt
* \oddsidemargin=-9.67393pt
* \evensidemargin=-9.67393pt
* \topmargin=-43.82866pt
* \headheight=12.0pt
* \headsep=25.0pt
* \topskip=10.0pt
* \footskip=30.0pt
* \marginparwidth=57.0pt
* \marginparsep=11.0pt
* \columnsep=10.0pt
* \skip\footins=9.0pt plus 4.0pt minus 2.0pt
* \hoffset=0.0pt
* \voffset=0.0pt
* \mag=1000
* \@twocolumnfalse
* \@twosidefalse
* \@mparswitchfalse
* \@reversemarginfalse
* (1in=72.27pt=25.4mm, 1cm=28.453pt)

\AtBeginShipoutBox=\box47
Package hyperref Info: Link coloring OFF on input line 50.
(c:/Programs/texlive/2015/texmf-dist/tex/latex/hyperref/nameref.sty
Package: nameref 2012/10/27 v2.43 Cross-referencing by name of section

(c:/Programs/texlive/2015/texmf-dist/tex/generic/oberdiek/gettitlestring.sty
Package: gettitlestring 2010/12/03 v1.4 Cleanup title references (HO)
)
\c@section@level=\count147
)
LaTeX Info: Redefining \ref on input line 50.
LaTeX Info: Redefining \pageref on input line 50.
LaTeX Info: Redefining \nameref on input line 50.

(./Amintoosi_CV_en.out) (./Amintoosi_CV_en.out)
\@outlinefile=\write5
\openout5 = `Amintoosi_CV_en.out'.

\pagenumberwidth=\skip86
\makecvheadpicturebox=\box48
File: aks1.png Graphic file (type QTm)
 <use  "aks1.png" >
\makecvheadpicturewidth=\skip87
\makecvheadnamebox=\box49

Underfull \hbox (badness 10000) in paragraph at lines 52--52
[][]
 []

LaTeX Font Info:    Try loading font information for OT1+lmr on input line 57.
(c:/Programs/texlive/2015/texmf-dist/tex/latex/lm/ot1lmr.fd
File: ot1lmr.fd 2009/10/30 v1.6 Font defs for Latin Modern
)
LaTeX Font Info:    Try loading font information for OML+lmm on input line 57.

(c:/Programs/texlive/2015/texmf-dist/tex/latex/lm/omllmm.fd
File: omllmm.fd 2009/10/30 v1.6 Font defs for Latin Modern
)
LaTeX Font Info:    Try loading font information for OMS+lmsy on input line 57.


(c:/Programs/texlive/2015/texmf-dist/tex/latex/lm/omslmsy.fd
File: omslmsy.fd 2009/10/30 v1.6 Font defs for Latin Modern
)
LaTeX Font Info:    Try loading font information for OMX+lmex on input line 57.


(c:/Programs/texlive/2015/texmf-dist/tex/latex/lm/omxlmex.fd
File: omxlmex.fd 2009/10/30 v1.6 Font defs for Latin Modern
)
LaTeX Font Info:    External font `lmex10' loaded for size
(Font)              <10> on input line 57.
LaTeX Font Info:    External font `lmex10' loaded for size
(Font)              <7> on input line 57.
LaTeX Font Info:    External font `lmex10' loaded for size
(Font)              <5> on input line 57.
Package microtype Info: Loading generic settings for font family
(microtype)             `FontAwesome' (encoding: EU1).
(microtype)             For optimal results, create family-specific settings.
(microtype)             See the microtype manual for details.
Package microtype Info: Character `A' is missing
(microtype)             in font `\EU1/FontAwesome(0)/m/n/5'.
(microtype)             Ignoring protrusion settings for this character.
Package microtype Info: Character `F' is missing
(microtype)             in font `\EU1/FontAwesome(0)/m/n/5'.
(microtype)             Ignoring protrusion settings for this character.
Package microtype Info: Character `J' is missing
(microtype)             in font `\EU1/FontAwesome(0)/m/n/5'.
(microtype)             Ignoring protrusion settings for this character.
Package microtype Info: Character `K' is missing
(microtype)             in font `\EU1/FontAwesome(0)/m/n/5'.
(microtype)             Ignoring protrusion settings for this character.
Package microtype Info: Character `L' is missing
(microtype)             in font `\EU1/FontAwesome(0)/m/n/5'.
(microtype)             Ignoring protrusion settings for this character.
Package microtype Info: Character `T' is missing
(microtype)             in font `\EU1/FontAwesome(0)/m/n/5'.
(microtype)             Ignoring protrusion settings for this character.
Package microtype Info: Character `V' is missing
(microtype)             in font `\EU1/FontAwesome(0)/m/n/5'.
(microtype)             Ignoring protrusion settings for this character.
Package microtype Info: Character `W' is missing
(microtype)             in font `\EU1/FontAwesome(0)/m/n/5'.
(microtype)             Ignoring protrusion settings for this character.
Package microtype Info: Character `X' is missing
(microtype)             in font `\EU1/FontAwesome(0)/m/n/5'.
(microtype)             Ignoring protrusion settings for this character.
Package microtype Info: Character `Y' is missing
(microtype)             in font `\EU1/FontAwesome(0)/m/n/5'.
(microtype)             Ignoring protrusion settings for this character.
Package microtype Info: Character `k' is missing
(microtype)             in font `\EU1/FontAwesome(0)/m/n/5'.
(microtype)             Ignoring protrusion settings for this character.
Package microtype Info: Character `r' is missing
(microtype)             in font `\EU1/FontAwesome(0)/m/n/5'.
(microtype)             Ignoring protrusion settings for this character.
Package microtype Info: Character `v' is missing
(microtype)             in font `\EU1/FontAwesome(0)/m/n/5'.
(microtype)             Ignoring protrusion settings for this character.
Package microtype Info: Character `w' is missing
(microtype)             in font `\EU1/FontAwesome(0)/m/n/5'.
(microtype)             Ignoring protrusion settings for this character.
Package microtype Info: Character `x' is missing
(microtype)             in font `\EU1/FontAwesome(0)/m/n/5'.
(microtype)             Ignoring protrusion settings for this character.
Package microtype Info: Character `y' is missing
(microtype)             in font `\EU1/FontAwesome(0)/m/n/5'.
(microtype)             Ignoring protrusion settings for this character.
Package microtype Info: Character `1' is missing
(microtype)             in font `\EU1/FontAwesome(0)/m/n/5'.
(microtype)             Ignoring protrusion settings for this character.
Package microtype Info: Character `4' is missing
(microtype)             in font `\EU1/FontAwesome(0)/m/n/5'.
(microtype)             Ignoring protrusion settings for this character.
Package microtype Info: Character `7' is missing
(microtype)             in font `\EU1/FontAwesome(0)/m/n/5'.
(microtype)             Ignoring protrusion settings for this character.
Package microtype Info: Character `.' is missing
(microtype)             in font `\EU1/FontAwesome(0)/m/n/5'.
(microtype)             Ignoring protrusion settings for this character.
Package microtype Info: Character `,' is missing
(microtype)             in font `\EU1/FontAwesome(0)/m/n/5'.
(microtype)             Ignoring protrusion settings for this character.
Package microtype Info: Character `:' is missing
(microtype)             in font `\EU1/FontAwesome(0)/m/n/5'.
(microtype)             Ignoring protrusion settings for this character.
Package microtype Info: Character `;' is missing
(microtype)             in font `\EU1/FontAwesome(0)/m/n/5'.
(microtype)             Ignoring protrusion settings for this character.
Package microtype Info: Character `!' is missing
(microtype)             in font `\EU1/FontAwesome(0)/m/n/5'.
(microtype)             Ignoring protrusion settings for this character.
Package microtype Info: Character `?' is missing
(microtype)             in font `\EU1/FontAwesome(0)/m/n/5'.
(microtype)             Ignoring protrusion settings for this character.
Package microtype Info: Character `@' is missing
(microtype)             in font `\EU1/FontAwesome(0)/m/n/5'.
(microtype)             Ignoring protrusion settings for this character.
Package microtype Info: Character `~' is missing
(microtype)             in font `\EU1/FontAwesome(0)/m/n/5'.
(microtype)             Ignoring protrusion settings for this character.
Package microtype Info: Character `\%' is missing
(microtype)             in font `\EU1/FontAwesome(0)/m/n/5'.
(microtype)             Ignoring protrusion settings for this character.
Package microtype Info: Character `*' is missing
(microtype)             in font `\EU1/FontAwesome(0)/m/n/5'.
(microtype)             Ignoring protrusion settings for this character.
Package microtype Info: Character `+' is missing
(microtype)             in font `\EU1/FontAwesome(0)/m/n/5'.
(microtype)             Ignoring protrusion settings for this character.
Package microtype Info: Character `(' is missing
(microtype)             in font `\EU1/FontAwesome(0)/m/n/5'.
(microtype)             Ignoring protrusion settings for this character.
Package microtype Info: Character `)' is missing
(microtype)             in font `\EU1/FontAwesome(0)/m/n/5'.
(microtype)             Ignoring protrusion settings for this character.
Package microtype Info: Character `-' is missing
(microtype)             in font `\EU1/FontAwesome(0)/m/n/5'.
(microtype)             Ignoring protrusion settings for this character.
Package microtype Info: Character `\textendash ' is missing
(microtype)             in font `\EU1/FontAwesome(0)/m/n/5'.
(microtype)             Ignoring protrusion settings for this character.
Package microtype Info: Character `\textemdash ' is missing
(microtype)             in font `\EU1/FontAwesome(0)/m/n/5'.
(microtype)             Ignoring protrusion settings for this character.
Package microtype Info: Character `\textquoteleft ' is missing
(microtype)             in font `\EU1/FontAwesome(0)/m/n/5'.
(microtype)             Ignoring protrusion settings for this character.
Package microtype Info: Character `\textquoteright ' is missing
(microtype)             in font `\EU1/FontAwesome(0)/m/n/5'.
(microtype)             Ignoring protrusion settings for this character.
Package microtype Info: Character `\textquotedblleft ' is missing
(microtype)             in font `\EU1/FontAwesome(0)/m/n/5'.
(microtype)             Ignoring protrusion settings for this character.
Package microtype Info: Character `\textquotedblright ' is missing
(microtype)             in font `\EU1/FontAwesome(0)/m/n/5'.
(microtype)             Ignoring protrusion settings for this character.
Package microtype Info: Character `_' is missing
(microtype)             in font `\EU1/FontAwesome(0)/m/n/5'.
(microtype)             Ignoring protrusion settings for this character.
Package microtype Info: Character `\textbackslash ' is missing
(microtype)             in font `\EU1/FontAwesome(0)/m/n/5'.
(microtype)             Ignoring protrusion settings for this character.
Package microtype Info: Character `\quotesinglbase ' is missing
(microtype)             in font `\EU1/FontAwesome(0)/m/n/5'.
(microtype)             Ignoring protrusion settings for this character.
Package microtype Info: Character `\quotedblbase ' is missing
(microtype)             in font `\EU1/FontAwesome(0)/m/n/5'.
(microtype)             Ignoring protrusion settings for this character.
Package microtype Info: Character `\guilsinglleft ' is missing
(microtype)             in font `\EU1/FontAwesome(0)/m/n/5'.
(microtype)             Ignoring protrusion settings for this character.
Package microtype Info: Character `\guilsinglright ' is missing
(microtype)             in font `\EU1/FontAwesome(0)/m/n/5'.
(microtype)             Ignoring protrusion settings for this character.
Package microtype Info: Character `\guillemotleft ' is missing
(microtype)             in font `\EU1/FontAwesome(0)/m/n/5'.
(microtype)             Ignoring protrusion settings for this character.
Package microtype Info: Character `\guillemotright ' is missing
(microtype)             in font `\EU1/FontAwesome(0)/m/n/5'.
(microtype)             Ignoring protrusion settings for this character.
Package microtype Info: Character `\textexclamdown ' is missing
(microtype)             in font `\EU1/FontAwesome(0)/m/n/5'.
(microtype)             Ignoring protrusion settings for this character.
Package microtype Info: Character `\textquestiondown ' is missing
(microtype)             in font `\EU1/FontAwesome(0)/m/n/5'.
(microtype)             Ignoring protrusion settings for this character.
Package microtype Info: Character `\textbraceleft ' is missing
(microtype)             in font `\EU1/FontAwesome(0)/m/n/5'.
(microtype)             Ignoring protrusion settings for this character.
Package microtype Info: Character `\textbraceright ' is missing
(microtype)             in font `\EU1/FontAwesome(0)/m/n/5'.
(microtype)             Ignoring protrusion settings for this character.
Package microtype Info: Character `\textless ' is missing
(microtype)             in font `\EU1/FontAwesome(0)/m/n/5'.
(microtype)             Ignoring protrusion settings for this character.
Package microtype Info: Character `\textgreater ' is missing
(microtype)             in font `\EU1/FontAwesome(0)/m/n/5'.
(microtype)             Ignoring protrusion settings for this character.


LaTeX Font Warning: Font shape `EU1/FontAwesome(0)/m/sl' undefined
(Font)              using `EU1/FontAwesome(0)/m/n' instead on input line 101.

Package microtype Info: Character `A' is missing
(microtype)             in font `\EU1/FontAwesome(0)/m/n/14.4'.
(microtype)             Ignoring protrusion settings for this character.
Package microtype Info: Character `F' is missing
(microtype)             in font `\EU1/FontAwesome(0)/m/n/14.4'.
(microtype)             Ignoring protrusion settings for this character.
Package microtype Info: Character `J' is missing
(microtype)             in font `\EU1/FontAwesome(0)/m/n/14.4'.
(microtype)             Ignoring protrusion settings for this character.
Package microtype Info: Character `K' is missing
(microtype)             in font `\EU1/FontAwesome(0)/m/n/14.4'.
(microtype)             Ignoring protrusion settings for this character.
Package microtype Info: Character `L' is missing
(microtype)             in font `\EU1/FontAwesome(0)/m/n/14.4'.
(microtype)             Ignoring protrusion settings for this character.
Package microtype Info: Character `T' is missing
(microtype)             in font `\EU1/FontAwesome(0)/m/n/14.4'.
(microtype)             Ignoring protrusion settings for this character.
Package microtype Info: Character `V' is missing
(microtype)             in font `\EU1/FontAwesome(0)/m/n/14.4'.
(microtype)             Ignoring protrusion settings for this character.
Package microtype Info: Character `W' is missing
(microtype)             in font `\EU1/FontAwesome(0)/m/n/14.4'.
(microtype)             Ignoring protrusion settings for this character.
Package microtype Info: Character `X' is missing
(microtype)             in font `\EU1/FontAwesome(0)/m/n/14.4'.
(microtype)             Ignoring protrusion settings for this character.
Package microtype Info: Character `Y' is missing
(microtype)             in font `\EU1/FontAwesome(0)/m/n/14.4'.
(microtype)             Ignoring protrusion settings for this character.
Package microtype Info: Character `k' is missing
(microtype)             in font `\EU1/FontAwesome(0)/m/n/14.4'.
(microtype)             Ignoring protrusion settings for this character.
Package microtype Info: Character `r' is missing
(microtype)             in font `\EU1/FontAwesome(0)/m/n/14.4'.
(microtype)             Ignoring protrusion settings for this character.
Package microtype Info: Character `v' is missing
(microtype)             in font `\EU1/FontAwesome(0)/m/n/14.4'.
(microtype)             Ignoring protrusion settings for this character.
Package microtype Info: Character `w' is missing
(microtype)             in font `\EU1/FontAwesome(0)/m/n/14.4'.
(microtype)             Ignoring protrusion settings for this character.
Package microtype Info: Character `x' is missing
(microtype)             in font `\EU1/FontAwesome(0)/m/n/14.4'.
(microtype)             Ignoring protrusion settings for this character.
Package microtype Info: Character `y' is missing
(microtype)             in font `\EU1/FontAwesome(0)/m/n/14.4'.
(microtype)             Ignoring protrusion settings for this character.
Package microtype Info: Character `1' is missing
(microtype)             in font `\EU1/FontAwesome(0)/m/n/14.4'.
(microtype)             Ignoring protrusion settings for this character.
Package microtype Info: Character `4' is missing
(microtype)             in font `\EU1/FontAwesome(0)/m/n/14.4'.
(microtype)             Ignoring protrusion settings for this character.
Package microtype Info: Character `7' is missing
(microtype)             in font `\EU1/FontAwesome(0)/m/n/14.4'.
(microtype)             Ignoring protrusion settings for this character.
Package microtype Info: Character `.' is missing
(microtype)             in font `\EU1/FontAwesome(0)/m/n/14.4'.
(microtype)             Ignoring protrusion settings for this character.
Package microtype Info: Character `,' is missing
(microtype)             in font `\EU1/FontAwesome(0)/m/n/14.4'.
(microtype)             Ignoring protrusion settings for this character.
Package microtype Info: Character `:' is missing
(microtype)             in font `\EU1/FontAwesome(0)/m/n/14.4'.
(microtype)             Ignoring protrusion settings for this character.
Package microtype Info: Character `;' is missing
(microtype)             in font `\EU1/FontAwesome(0)/m/n/14.4'.
(microtype)             Ignoring protrusion settings for this character.
Package microtype Info: Character `!' is missing
(microtype)             in font `\EU1/FontAwesome(0)/m/n/14.4'.
(microtype)             Ignoring protrusion settings for this character.
Package microtype Info: Character `?' is missing
(microtype)             in font `\EU1/FontAwesome(0)/m/n/14.4'.
(microtype)             Ignoring protrusion settings for this character.
Package microtype Info: Character `@' is missing
(microtype)             in font `\EU1/FontAwesome(0)/m/n/14.4'.
(microtype)             Ignoring protrusion settings for this character.
Package microtype Info: Character `~' is missing
(microtype)             in font `\EU1/FontAwesome(0)/m/n/14.4'.
(microtype)             Ignoring protrusion settings for this character.
Package microtype Info: Character `\%' is missing
(microtype)             in font `\EU1/FontAwesome(0)/m/n/14.4'.
(microtype)             Ignoring protrusion settings for this character.
Package microtype Info: Character `*' is missing
(microtype)             in font `\EU1/FontAwesome(0)/m/n/14.4'.
(microtype)             Ignoring protrusion settings for this character.
Package microtype Info: Character `+' is missing
(microtype)             in font `\EU1/FontAwesome(0)/m/n/14.4'.
(microtype)             Ignoring protrusion settings for this character.
Package microtype Info: Character `(' is missing
(microtype)             in font `\EU1/FontAwesome(0)/m/n/14.4'.
(microtype)             Ignoring protrusion settings for this character.
Package microtype Info: Character `)' is missing
(microtype)             in font `\EU1/FontAwesome(0)/m/n/14.4'.
(microtype)             Ignoring protrusion settings for this character.
Package microtype Info: Character `-' is missing
(microtype)             in font `\EU1/FontAwesome(0)/m/n/14.4'.
(microtype)             Ignoring protrusion settings for this character.
Package microtype Info: Character `\textendash ' is missing
(microtype)             in font `\EU1/FontAwesome(0)/m/n/14.4'.
(microtype)             Ignoring protrusion settings for this character.
Package microtype Info: Character `\textemdash ' is missing
(microtype)             in font `\EU1/FontAwesome(0)/m/n/14.4'.
(microtype)             Ignoring protrusion settings for this character.
Package microtype Info: Character `\textquoteleft ' is missing
(microtype)             in font `\EU1/FontAwesome(0)/m/n/14.4'.
(microtype)             Ignoring protrusion settings for this character.
Package microtype Info: Character `\textquoteright ' is missing
(microtype)             in font `\EU1/FontAwesome(0)/m/n/14.4'.
(microtype)             Ignoring protrusion settings for this character.
Package microtype Info: Character `\textquotedblleft ' is missing
(microtype)             in font `\EU1/FontAwesome(0)/m/n/14.4'.
(microtype)             Ignoring protrusion settings for this character.
Package microtype Info: Character `\textquotedblright ' is missing
(microtype)             in font `\EU1/FontAwesome(0)/m/n/14.4'.
(microtype)             Ignoring protrusion settings for this character.
Package microtype Info: Character `_' is missing
(microtype)             in font `\EU1/FontAwesome(0)/m/n/14.4'.
(microtype)             Ignoring protrusion settings for this character.
Package microtype Info: Character `\textbackslash ' is missing
(microtype)             in font `\EU1/FontAwesome(0)/m/n/14.4'.
(microtype)             Ignoring protrusion settings for this character.
Package microtype Info: Character `\quotesinglbase ' is missing
(microtype)             in font `\EU1/FontAwesome(0)/m/n/14.4'.
(microtype)             Ignoring protrusion settings for this character.
Package microtype Info: Character `\quotedblbase ' is missing
(microtype)             in font `\EU1/FontAwesome(0)/m/n/14.4'.
(microtype)             Ignoring protrusion settings for this character.
Package microtype Info: Character `\guilsinglleft ' is missing
(microtype)             in font `\EU1/FontAwesome(0)/m/n/14.4'.
(microtype)             Ignoring protrusion settings for this character.
Package microtype Info: Character `\guilsinglright ' is missing
(microtype)             in font `\EU1/FontAwesome(0)/m/n/14.4'.
(microtype)             Ignoring protrusion settings for this character.
Package microtype Info: Character `\guillemotleft ' is missing
(microtype)             in font `\EU1/FontAwesome(0)/m/n/14.4'.
(microtype)             Ignoring protrusion settings for this character.
Package microtype Info: Character `\guillemotright ' is missing
(microtype)             in font `\EU1/FontAwesome(0)/m/n/14.4'.
(microtype)             Ignoring protrusion settings for this character.
Package microtype Info: Character `\textexclamdown ' is missing
(microtype)             in font `\EU1/FontAwesome(0)/m/n/14.4'.
(microtype)             Ignoring protrusion settings for this character.
Package microtype Info: Character `\textquestiondown ' is missing
(microtype)             in font `\EU1/FontAwesome(0)/m/n/14.4'.
(microtype)             Ignoring protrusion settings for this character.
Package microtype Info: Character `\textbraceleft ' is missing
(microtype)             in font `\EU1/FontAwesome(0)/m/n/14.4'.
(microtype)             Ignoring protrusion settings for this character.
Package microtype Info: Character `\textbraceright ' is missing
(microtype)             in font `\EU1/FontAwesome(0)/m/n/14.4'.
(microtype)             Ignoring protrusion settings for this character.
Package microtype Info: Character `\textless ' is missing
(microtype)             in font `\EU1/FontAwesome(0)/m/n/14.4'.
(microtype)             Ignoring protrusion settings for this character.
Package microtype Info: Character `\textgreater ' is missing
(microtype)             in font `\EU1/FontAwesome(0)/m/n/14.4'.
(microtype)             Ignoring protrusion settings for this character.
Package microtype Info: Character `A' is missing
(microtype)             in font `\EU1/FontAwesome(0)/m/sl/10'.
(microtype)             Ignoring protrusion settings for this character.
Package microtype Info: Character `F' is missing
(microtype)             in font `\EU1/FontAwesome(0)/m/sl/10'.
(microtype)             Ignoring protrusion settings for this character.
Package microtype Info: Character `J' is missing
(microtype)             in font `\EU1/FontAwesome(0)/m/sl/10'.
(microtype)             Ignoring protrusion settings for this character.
Package microtype Info: Character `K' is missing
(microtype)             in font `\EU1/FontAwesome(0)/m/sl/10'.
(microtype)             Ignoring protrusion settings for this character.
Package microtype Info: Character `L' is missing
(microtype)             in font `\EU1/FontAwesome(0)/m/sl/10'.
(microtype)             Ignoring protrusion settings for this character.
Package microtype Info: Character `T' is missing
(microtype)             in font `\EU1/FontAwesome(0)/m/sl/10'.
(microtype)             Ignoring protrusion settings for this character.
Package microtype Info: Character `V' is missing
(microtype)             in font `\EU1/FontAwesome(0)/m/sl/10'.
(microtype)             Ignoring protrusion settings for this character.
Package microtype Info: Character `W' is missing
(microtype)             in font `\EU1/FontAwesome(0)/m/sl/10'.
(microtype)             Ignoring protrusion settings for this character.
Package microtype Info: Character `X' is missing
(microtype)             in font `\EU1/FontAwesome(0)/m/sl/10'.
(microtype)             Ignoring protrusion settings for this character.
Package microtype Info: Character `Y' is missing
(microtype)             in font `\EU1/FontAwesome(0)/m/sl/10'.
(microtype)             Ignoring protrusion settings for this character.
Package microtype Info: Character `k' is missing
(microtype)             in font `\EU1/FontAwesome(0)/m/sl/10'.
(microtype)             Ignoring protrusion settings for this character.
Package microtype Info: Character `r' is missing
(microtype)             in font `\EU1/FontAwesome(0)/m/sl/10'.
(microtype)             Ignoring protrusion settings for this character.
Package microtype Info: Character `v' is missing
(microtype)             in font `\EU1/FontAwesome(0)/m/sl/10'.
(microtype)             Ignoring protrusion settings for this character.
Package microtype Info: Character `w' is missing
(microtype)             in font `\EU1/FontAwesome(0)/m/sl/10'.
(microtype)             Ignoring protrusion settings for this character.
Package microtype Info: Character `x' is missing
(microtype)             in font `\EU1/FontAwesome(0)/m/sl/10'.
(microtype)             Ignoring protrusion settings for this character.
Package microtype Info: Character `y' is missing
(microtype)             in font `\EU1/FontAwesome(0)/m/sl/10'.
(microtype)             Ignoring protrusion settings for this character.
Package microtype Info: Character `1' is missing
(microtype)             in font `\EU1/FontAwesome(0)/m/sl/10'.
(microtype)             Ignoring protrusion settings for this character.
Package microtype Info: Character `4' is missing
(microtype)             in font `\EU1/FontAwesome(0)/m/sl/10'.
(microtype)             Ignoring protrusion settings for this character.
Package microtype Info: Character `7' is missing
(microtype)             in font `\EU1/FontAwesome(0)/m/sl/10'.
(microtype)             Ignoring protrusion settings for this character.
Package microtype Info: Character `.' is missing
(microtype)             in font `\EU1/FontAwesome(0)/m/sl/10'.
(microtype)             Ignoring protrusion settings for this character.
Package microtype Info: Character `,' is missing
(microtype)             in font `\EU1/FontAwesome(0)/m/sl/10'.
(microtype)             Ignoring protrusion settings for this character.
Package microtype Info: Character `:' is missing
(microtype)             in font `\EU1/FontAwesome(0)/m/sl/10'.
(microtype)             Ignoring protrusion settings for this character.
Package microtype Info: Character `;' is missing
(microtype)             in font `\EU1/FontAwesome(0)/m/sl/10'.
(microtype)             Ignoring protrusion settings for this character.
Package microtype Info: Character `!' is missing
(microtype)             in font `\EU1/FontAwesome(0)/m/sl/10'.
(microtype)             Ignoring protrusion settings for this character.
Package microtype Info: Character `?' is missing
(microtype)             in font `\EU1/FontAwesome(0)/m/sl/10'.
(microtype)             Ignoring protrusion settings for this character.
Package microtype Info: Character `@' is missing
(microtype)             in font `\EU1/FontAwesome(0)/m/sl/10'.
(microtype)             Ignoring protrusion settings for this character.
Package microtype Info: Character `~' is missing
(microtype)             in font `\EU1/FontAwesome(0)/m/sl/10'.
(microtype)             Ignoring protrusion settings for this character.
Package microtype Info: Character `\%' is missing
(microtype)             in font `\EU1/FontAwesome(0)/m/sl/10'.
(microtype)             Ignoring protrusion settings for this character.
Package microtype Info: Character `*' is missing
(microtype)             in font `\EU1/FontAwesome(0)/m/sl/10'.
(microtype)             Ignoring protrusion settings for this character.
Package microtype Info: Character `+' is missing
(microtype)             in font `\EU1/FontAwesome(0)/m/sl/10'.
(microtype)             Ignoring protrusion settings for this character.
Package microtype Info: Character `(' is missing
(microtype)             in font `\EU1/FontAwesome(0)/m/sl/10'.
(microtype)             Ignoring protrusion settings for this character.
Package microtype Info: Character `)' is missing
(microtype)             in font `\EU1/FontAwesome(0)/m/sl/10'.
(microtype)             Ignoring protrusion settings for this character.
Package microtype Info: Character `-' is missing
(microtype)             in font `\EU1/FontAwesome(0)/m/sl/10'.
(microtype)             Ignoring protrusion settings for this character.
Package microtype Info: Character `\textendash ' is missing
(microtype)             in font `\EU1/FontAwesome(0)/m/sl/10'.
(microtype)             Ignoring protrusion settings for this character.
Package microtype Info: Character `\textemdash ' is missing
(microtype)             in font `\EU1/FontAwesome(0)/m/sl/10'.
(microtype)             Ignoring protrusion settings for this character.
Package microtype Info: Character `\textquoteleft ' is missing
(microtype)             in font `\EU1/FontAwesome(0)/m/sl/10'.
(microtype)             Ignoring protrusion settings for this character.
Package microtype Info: Character `\textquoteright ' is missing
(microtype)             in font `\EU1/FontAwesome(0)/m/sl/10'.
(microtype)             Ignoring protrusion settings for this character.
Package microtype Info: Character `\textquotedblleft ' is missing
(microtype)             in font `\EU1/FontAwesome(0)/m/sl/10'.
(microtype)             Ignoring protrusion settings for this character.
Package microtype Info: Character `\textquotedblright ' is missing
(microtype)             in font `\EU1/FontAwesome(0)/m/sl/10'.
(microtype)             Ignoring protrusion settings for this character.
Package microtype Info: Character `_' is missing
(microtype)             in font `\EU1/FontAwesome(0)/m/sl/10'.
(microtype)             Ignoring protrusion settings for this character.
Package microtype Info: Character `\textbackslash ' is missing
(microtype)             in font `\EU1/FontAwesome(0)/m/sl/10'.
(microtype)             Ignoring protrusion settings for this character.
Package microtype Info: Character `\quotesinglbase ' is missing
(microtype)             in font `\EU1/FontAwesome(0)/m/sl/10'.
(microtype)             Ignoring protrusion settings for this character.
Package microtype Info: Character `\quotedblbase ' is missing
(microtype)             in font `\EU1/FontAwesome(0)/m/sl/10'.
(microtype)             Ignoring protrusion settings for this character.
Package microtype Info: Character `\guilsinglleft ' is missing
(microtype)             in font `\EU1/FontAwesome(0)/m/sl/10'.
(microtype)             Ignoring protrusion settings for this character.
Package microtype Info: Character `\guilsinglright ' is missing
(microtype)             in font `\EU1/FontAwesome(0)/m/sl/10'.
(microtype)             Ignoring protrusion settings for this character.
Package microtype Info: Character `\guillemotleft ' is missing
(microtype)             in font `\EU1/FontAwesome(0)/m/sl/10'.
(microtype)             Ignoring protrusion settings for this character.
Package microtype Info: Character `\guillemotright ' is missing
(microtype)             in font `\EU1/FontAwesome(0)/m/sl/10'.
(microtype)             Ignoring protrusion settings for this character.
Package microtype Info: Character `\textexclamdown ' is missing
(microtype)             in font `\EU1/FontAwesome(0)/m/sl/10'.
(microtype)             Ignoring protrusion settings for this character.
Package microtype Info: Character `\textquestiondown ' is missing
(microtype)             in font `\EU1/FontAwesome(0)/m/sl/10'.
(microtype)             Ignoring protrusion settings for this character.
Package microtype Info: Character `\textbraceleft ' is missing
(microtype)             in font `\EU1/FontAwesome(0)/m/sl/10'.
(microtype)             Ignoring protrusion settings for this character.
Package microtype Info: Character `\textbraceright ' is missing
(microtype)             in font `\EU1/FontAwesome(0)/m/sl/10'.
(microtype)             Ignoring protrusion settings for this character.
Package microtype Info: Character `\textless ' is missing
(microtype)             in font `\EU1/FontAwesome(0)/m/sl/10'.
(microtype)             Ignoring protrusion settings for this character.
Package microtype Info: Character `\textgreater ' is missing
(microtype)             in font `\EU1/FontAwesome(0)/m/sl/10'.
(microtype)             Ignoring protrusion settings for this character.
Package microtype Info: Character `A' is missing
(microtype)             in font `\EU1/FontAwesome(0)/m/sl/9'.
(microtype)             Ignoring protrusion settings for this character.
Package microtype Info: Character `F' is missing
(microtype)             in font `\EU1/FontAwesome(0)/m/sl/9'.
(microtype)             Ignoring protrusion settings for this character.
Package microtype Info: Character `J' is missing
(microtype)             in font `\EU1/FontAwesome(0)/m/sl/9'.
(microtype)             Ignoring protrusion settings for this character.
Package microtype Info: Character `K' is missing
(microtype)             in font `\EU1/FontAwesome(0)/m/sl/9'.
(microtype)             Ignoring protrusion settings for this character.
Package microtype Info: Character `L' is missing
(microtype)             in font `\EU1/FontAwesome(0)/m/sl/9'.
(microtype)             Ignoring protrusion settings for this character.
Package microtype Info: Character `T' is missing
(microtype)             in font `\EU1/FontAwesome(0)/m/sl/9'.
(microtype)             Ignoring protrusion settings for this character.
Package microtype Info: Character `V' is missing
(microtype)             in font `\EU1/FontAwesome(0)/m/sl/9'.
(microtype)             Ignoring protrusion settings for this character.
Package microtype Info: Character `W' is missing
(microtype)             in font `\EU1/FontAwesome(0)/m/sl/9'.
(microtype)             Ignoring protrusion settings for this character.
Package microtype Info: Character `X' is missing
(microtype)             in font `\EU1/FontAwesome(0)/m/sl/9'.
(microtype)             Ignoring protrusion settings for this character.
Package microtype Info: Character `Y' is missing
(microtype)             in font `\EU1/FontAwesome(0)/m/sl/9'.
(microtype)             Ignoring protrusion settings for this character.
Package microtype Info: Character `k' is missing
(microtype)             in font `\EU1/FontAwesome(0)/m/sl/9'.
(microtype)             Ignoring protrusion settings for this character.
Package microtype Info: Character `r' is missing
(microtype)             in font `\EU1/FontAwesome(0)/m/sl/9'.
(microtype)             Ignoring protrusion settings for this character.
Package microtype Info: Character `v' is missing
(microtype)             in font `\EU1/FontAwesome(0)/m/sl/9'.
(microtype)             Ignoring protrusion settings for this character.
Package microtype Info: Character `w' is missing
(microtype)             in font `\EU1/FontAwesome(0)/m/sl/9'.
(microtype)             Ignoring protrusion settings for this character.
Package microtype Info: Character `x' is missing
(microtype)             in font `\EU1/FontAwesome(0)/m/sl/9'.
(microtype)             Ignoring protrusion settings for this character.
Package microtype Info: Character `y' is missing
(microtype)             in font `\EU1/FontAwesome(0)/m/sl/9'.
(microtype)             Ignoring protrusion settings for this character.
Package microtype Info: Character `1' is missing
(microtype)             in font `\EU1/FontAwesome(0)/m/sl/9'.
(microtype)             Ignoring protrusion settings for this character.
Package microtype Info: Character `4' is missing
(microtype)             in font `\EU1/FontAwesome(0)/m/sl/9'.
(microtype)             Ignoring protrusion settings for this character.
Package microtype Info: Character `7' is missing
(microtype)             in font `\EU1/FontAwesome(0)/m/sl/9'.
(microtype)             Ignoring protrusion settings for this character.
Package microtype Info: Character `.' is missing
(microtype)             in font `\EU1/FontAwesome(0)/m/sl/9'.
(microtype)             Ignoring protrusion settings for this character.
Package microtype Info: Character `,' is missing
(microtype)             in font `\EU1/FontAwesome(0)/m/sl/9'.
(microtype)             Ignoring protrusion settings for this character.
Package microtype Info: Character `:' is missing
(microtype)             in font `\EU1/FontAwesome(0)/m/sl/9'.
(microtype)             Ignoring protrusion settings for this character.
Package microtype Info: Character `;' is missing
(microtype)             in font `\EU1/FontAwesome(0)/m/sl/9'.
(microtype)             Ignoring protrusion settings for this character.
Package microtype Info: Character `!' is missing
(microtype)             in font `\EU1/FontAwesome(0)/m/sl/9'.
(microtype)             Ignoring protrusion settings for this character.
Package microtype Info: Character `?' is missing
(microtype)             in font `\EU1/FontAwesome(0)/m/sl/9'.
(microtype)             Ignoring protrusion settings for this character.
Package microtype Info: Character `@' is missing
(microtype)             in font `\EU1/FontAwesome(0)/m/sl/9'.
(microtype)             Ignoring protrusion settings for this character.
Package microtype Info: Character `~' is missing
(microtype)             in font `\EU1/FontAwesome(0)/m/sl/9'.
(microtype)             Ignoring protrusion settings for this character.
Package microtype Info: Character `\%' is missing
(microtype)             in font `\EU1/FontAwesome(0)/m/sl/9'.
(microtype)             Ignoring protrusion settings for this character.
Package microtype Info: Character `*' is missing
(microtype)             in font `\EU1/FontAwesome(0)/m/sl/9'.
(microtype)             Ignoring protrusion settings for this character.
Package microtype Info: Character `+' is missing
(microtype)             in font `\EU1/FontAwesome(0)/m/sl/9'.
(microtype)             Ignoring protrusion settings for this character.
Package microtype Info: Character `(' is missing
(microtype)             in font `\EU1/FontAwesome(0)/m/sl/9'.
(microtype)             Ignoring protrusion settings for this character.
Package microtype Info: Character `)' is missing
(microtype)             in font `\EU1/FontAwesome(0)/m/sl/9'.
(microtype)             Ignoring protrusion settings for this character.
Package microtype Info: Character `-' is missing
(microtype)             in font `\EU1/FontAwesome(0)/m/sl/9'.
(microtype)             Ignoring protrusion settings for this character.
Package microtype Info: Character `\textendash ' is missing
(microtype)             in font `\EU1/FontAwesome(0)/m/sl/9'.
(microtype)             Ignoring protrusion settings for this character.
Package microtype Info: Character `\textemdash ' is missing
(microtype)             in font `\EU1/FontAwesome(0)/m/sl/9'.
(microtype)             Ignoring protrusion settings for this character.
Package microtype Info: Character `\textquoteleft ' is missing
(microtype)             in font `\EU1/FontAwesome(0)/m/sl/9'.
(microtype)             Ignoring protrusion settings for this character.
Package microtype Info: Character `\textquoteright ' is missing
(microtype)             in font `\EU1/FontAwesome(0)/m/sl/9'.
(microtype)             Ignoring protrusion settings for this character.
Package microtype Info: Character `\textquotedblleft ' is missing
(microtype)             in font `\EU1/FontAwesome(0)/m/sl/9'.
(microtype)             Ignoring protrusion settings for this character.
Package microtype Info: Character `\textquotedblright ' is missing
(microtype)             in font `\EU1/FontAwesome(0)/m/sl/9'.
(microtype)             Ignoring protrusion settings for this character.
Package microtype Info: Character `_' is missing
(microtype)             in font `\EU1/FontAwesome(0)/m/sl/9'.
(microtype)             Ignoring protrusion settings for this character.
Package microtype Info: Character `\textbackslash ' is missing
(microtype)             in font `\EU1/FontAwesome(0)/m/sl/9'.
(microtype)             Ignoring protrusion settings for this character.
Package microtype Info: Character `\quotesinglbase ' is missing
(microtype)             in font `\EU1/FontAwesome(0)/m/sl/9'.
(microtype)             Ignoring protrusion settings for this character.
Package microtype Info: Character `\quotedblbase ' is missing
(microtype)             in font `\EU1/FontAwesome(0)/m/sl/9'.
(microtype)             Ignoring protrusion settings for this character.
Package microtype Info: Character `\guilsinglleft ' is missing
(microtype)             in font `\EU1/FontAwesome(0)/m/sl/9'.
(microtype)             Ignoring protrusion settings for this character.
Package microtype Info: Character `\guilsinglright ' is missing
(microtype)             in font `\EU1/FontAwesome(0)/m/sl/9'.
(microtype)             Ignoring protrusion settings for this character.
Package microtype Info: Character `\guillemotleft ' is missing
(microtype)             in font `\EU1/FontAwesome(0)/m/sl/9'.
(microtype)             Ignoring protrusion settings for this character.
Package microtype Info: Character `\guillemotright ' is missing
(microtype)             in font `\EU1/FontAwesome(0)/m/sl/9'.
(microtype)             Ignoring protrusion settings for this character.
Package microtype Info: Character `\textexclamdown ' is missing
(microtype)             in font `\EU1/FontAwesome(0)/m/sl/9'.
(microtype)             Ignoring protrusion settings for this character.
Package microtype Info: Character `\textquestiondown ' is missing
(microtype)             in font `\EU1/FontAwesome(0)/m/sl/9'.
(microtype)             Ignoring protrusion settings for this character.
Package microtype Info: Character `\textbraceleft ' is missing
(microtype)             in font `\EU1/FontAwesome(0)/m/sl/9'.
(microtype)             Ignoring protrusion settings for this character.
Package microtype Info: Character `\textbraceright ' is missing
(microtype)             in font `\EU1/FontAwesome(0)/m/sl/9'.
(microtype)             Ignoring protrusion settings for this character.
Package microtype Info: Character `\textless ' is missing
(microtype)             in font `\EU1/FontAwesome(0)/m/sl/9'.
(microtype)             Ignoring protrusion settings for this character.
Package microtype Info: Character `\textgreater ' is missing
(microtype)             in font `\EU1/FontAwesome(0)/m/sl/9'.
(microtype)             Ignoring protrusion settings for this character.

Package Fancyhdr Warning: \footskip is too small (30.0pt): 
 Make it at least 47.2816pt.
 We now make it that large for the rest of the document.
 This may cause the page layout to be inconsistent, however.

[1

]
Underfull \hbox (badness 4940) in paragraph at lines 108--108
[][]|\EU1/lmr/bx/n/10 L[]T[]X, github, Microsoft Office (Word, Excel, Access, O
neNote,[]
 []


Underfull \hbox (badness 10000) in paragraph at lines 108--108
[]\EU1/lmr/bx/n/10 Visio, OutLook, PowerPoint), TortoiseSVN, WinEdt, TeXMaker,[
]
 []


Underfull \hbox (badness 1484) in paragraph at lines 108--108
[]\EU1/lmr/bx/n/10 Notepad++,XePersian, FarsiT[]X, BibT[]X, MiKTeX, and Some Ot
h-[]
 []


Underfull \hbox (badness 10000) in paragraph at lines 115--121
[][]
 []

(./pubEn.bbl
Missing character: There is no  in font [lmroman10-regular]:mapping=tex-text!
Missing character: There is no  in font [lmroman10-regular]:mapping=tex-text!
Package microtype Info: Character `A' is missing
(microtype)             in font `\EU1/FontAwesome(0)/m/sl/14.4'.
(microtype)             Ignoring protrusion settings for this character.
Package microtype Info: Character `F' is missing
(microtype)             in font `\EU1/FontAwesome(0)/m/sl/14.4'.
(microtype)             Ignoring protrusion settings for this character.
Package microtype Info: Character `J' is missing
(microtype)             in font `\EU1/FontAwesome(0)/m/sl/14.4'.
(microtype)             Ignoring protrusion settings for this character.
Package microtype Info: Character `K' is missing
(microtype)             in font `\EU1/FontAwesome(0)/m/sl/14.4'.
(microtype)             Ignoring protrusion settings for this character.
Package microtype Info: Character `L' is missing
(microtype)             in font `\EU1/FontAwesome(0)/m/sl/14.4'.
(microtype)             Ignoring protrusion settings for this character.
Package microtype Info: Character `T' is missing
(microtype)             in font `\EU1/FontAwesome(0)/m/sl/14.4'.
(microtype)             Ignoring protrusion settings for this character.
Package microtype Info: Character `V' is missing
(microtype)             in font `\EU1/FontAwesome(0)/m/sl/14.4'.
(microtype)             Ignoring protrusion settings for this character.
Package microtype Info: Character `W' is missing
(microtype)             in font `\EU1/FontAwesome(0)/m/sl/14.4'.
(microtype)             Ignoring protrusion settings for this character.
Package microtype Info: Character `X' is missing
(microtype)             in font `\EU1/FontAwesome(0)/m/sl/14.4'.
(microtype)             Ignoring protrusion settings for this character.
Package microtype Info: Character `Y' is missing
(microtype)             in font `\EU1/FontAwesome(0)/m/sl/14.4'.
(microtype)             Ignoring protrusion settings for this character.
Package microtype Info: Character `k' is missing
(microtype)             in font `\EU1/FontAwesome(0)/m/sl/14.4'.
(microtype)             Ignoring protrusion settings for this character.
Package microtype Info: Character `r' is missing
(microtype)             in font `\EU1/FontAwesome(0)/m/sl/14.4'.
(microtype)             Ignoring protrusion settings for this character.
Package microtype Info: Character `v' is missing
(microtype)             in font `\EU1/FontAwesome(0)/m/sl/14.4'.
(microtype)             Ignoring protrusion settings for this character.
Package microtype Info: Character `w' is missing
(microtype)             in font `\EU1/FontAwesome(0)/m/sl/14.4'.
(microtype)             Ignoring protrusion settings for this character.
Package microtype Info: Character `x' is missing
(microtype)             in font `\EU1/FontAwesome(0)/m/sl/14.4'.
(microtype)             Ignoring protrusion settings for this character.
Package microtype Info: Character `y' is missing
(microtype)             in font `\EU1/FontAwesome(0)/m/sl/14.4'.
(microtype)             Ignoring protrusion settings for this character.
Package microtype Info: Character `1' is missing
(microtype)             in font `\EU1/FontAwesome(0)/m/sl/14.4'.
(microtype)             Ignoring protrusion settings for this character.
Package microtype Info: Character `4' is missing
(microtype)             in font `\EU1/FontAwesome(0)/m/sl/14.4'.
(microtype)             Ignoring protrusion settings for this character.
Package microtype Info: Character `7' is missing
(microtype)             in font `\EU1/FontAwesome(0)/m/sl/14.4'.
(microtype)             Ignoring protrusion settings for this character.
Package microtype Info: Character `.' is missing
(microtype)             in font `\EU1/FontAwesome(0)/m/sl/14.4'.
(microtype)             Ignoring protrusion settings for this character.
Package microtype Info: Character `,' is missing
(microtype)             in font `\EU1/FontAwesome(0)/m/sl/14.4'.
(microtype)             Ignoring protrusion settings for this character.
Package microtype Info: Character `:' is missing
(microtype)             in font `\EU1/FontAwesome(0)/m/sl/14.4'.
(microtype)             Ignoring protrusion settings for this character.
Package microtype Info: Character `;' is missing
(microtype)             in font `\EU1/FontAwesome(0)/m/sl/14.4'.
(microtype)             Ignoring protrusion settings for this character.
Package microtype Info: Character `!' is missing
(microtype)             in font `\EU1/FontAwesome(0)/m/sl/14.4'.
(microtype)             Ignoring protrusion settings for this character.
Package microtype Info: Character `?' is missing
(microtype)             in font `\EU1/FontAwesome(0)/m/sl/14.4'.
(microtype)             Ignoring protrusion settings for this character.
Package microtype Info: Character `@' is missing
(microtype)             in font `\EU1/FontAwesome(0)/m/sl/14.4'.
(microtype)             Ignoring protrusion settings for this character.
Package microtype Info: Character `~' is missing
(microtype)             in font `\EU1/FontAwesome(0)/m/sl/14.4'.
(microtype)             Ignoring protrusion settings for this character.
Package microtype Info: Character `\%' is missing
(microtype)             in font `\EU1/FontAwesome(0)/m/sl/14.4'.
(microtype)             Ignoring protrusion settings for this character.
Package microtype Info: Character `*' is missing
(microtype)             in font `\EU1/FontAwesome(0)/m/sl/14.4'.
(microtype)             Ignoring protrusion settings for this character.
Package microtype Info: Character `+' is missing
(microtype)             in font `\EU1/FontAwesome(0)/m/sl/14.4'.
(microtype)             Ignoring protrusion settings for this character.
Package microtype Info: Character `(' is missing
(microtype)             in font `\EU1/FontAwesome(0)/m/sl/14.4'.
(microtype)             Ignoring protrusion settings for this character.
Package microtype Info: Character `)' is missing
(microtype)             in font `\EU1/FontAwesome(0)/m/sl/14.4'.
(microtype)             Ignoring protrusion settings for this character.
Package microtype Info: Character `-' is missing
(microtype)             in font `\EU1/FontAwesome(0)/m/sl/14.4'.
(microtype)             Ignoring protrusion settings for this character.
Package microtype Info: Character `\textendash ' is missing
(microtype)             in font `\EU1/FontAwesome(0)/m/sl/14.4'.
(microtype)             Ignoring protrusion settings for this character.
Package microtype Info: Character `\textemdash ' is missing
(microtype)             in font `\EU1/FontAwesome(0)/m/sl/14.4'.
(microtype)             Ignoring protrusion settings for this character.
Package microtype Info: Character `\textquoteleft ' is missing
(microtype)             in font `\EU1/FontAwesome(0)/m/sl/14.4'.
(microtype)             Ignoring protrusion settings for this character.
Package microtype Info: Character `\textquoteright ' is missing
(microtype)             in font `\EU1/FontAwesome(0)/m/sl/14.4'.
(microtype)             Ignoring protrusion settings for this character.
Package microtype Info: Character `\textquotedblleft ' is missing
(microtype)             in font `\EU1/FontAwesome(0)/m/sl/14.4'.
(microtype)             Ignoring protrusion settings for this character.
Package microtype Info: Character `\textquotedblright ' is missing
(microtype)             in font `\EU1/FontAwesome(0)/m/sl/14.4'.
(microtype)             Ignoring protrusion settings for this character.
Package microtype Info: Character `_' is missing
(microtype)             in font `\EU1/FontAwesome(0)/m/sl/14.4'.
(microtype)             Ignoring protrusion settings for this character.
Package microtype Info: Character `\textbackslash ' is missing
(microtype)             in font `\EU1/FontAwesome(0)/m/sl/14.4'.
(microtype)             Ignoring protrusion settings for this character.
Package microtype Info: Character `\quotesinglbase ' is missing
(microtype)             in font `\EU1/FontAwesome(0)/m/sl/14.4'.
(microtype)             Ignoring protrusion settings for this character.
Package microtype Info: Character `\quotedblbase ' is missing
(microtype)             in font `\EU1/FontAwesome(0)/m/sl/14.4'.
(microtype)             Ignoring protrusion settings for this character.
Package microtype Info: Character `\guilsinglleft ' is missing
(microtype)             in font `\EU1/FontAwesome(0)/m/sl/14.4'.
(microtype)             Ignoring protrusion settings for this character.
Package microtype Info: Character `\guilsinglright ' is missing
(microtype)             in font `\EU1/FontAwesome(0)/m/sl/14.4'.
(microtype)             Ignoring protrusion settings for this character.
Package microtype Info: Character `\guillemotleft ' is missing
(microtype)             in font `\EU1/FontAwesome(0)/m/sl/14.4'.
(microtype)             Ignoring protrusion settings for this character.
Package microtype Info: Character `\guillemotright ' is missing
(microtype)             in font `\EU1/FontAwesome(0)/m/sl/14.4'.
(microtype)             Ignoring protrusion settings for this character.
Package microtype Info: Character `\textexclamdown ' is missing
(microtype)             in font `\EU1/FontAwesome(0)/m/sl/14.4'.
(microtype)             Ignoring protrusion settings for this character.
Package microtype Info: Character `\textquestiondown ' is missing
(microtype)             in font `\EU1/FontAwesome(0)/m/sl/14.4'.
(microtype)             Ignoring protrusion settings for this character.
Package microtype Info: Character `\textbraceleft ' is missing
(microtype)             in font `\EU1/FontAwesome(0)/m/sl/14.4'.
(microtype)             Ignoring protrusion settings for this character.
Package microtype Info: Character `\textbraceright ' is missing
(microtype)             in font `\EU1/FontAwesome(0)/m/sl/14.4'.
(microtype)             Ignoring protrusion settings for this character.
Package microtype Info: Character `\textless ' is missing
(microtype)             in font `\EU1/FontAwesome(0)/m/sl/14.4'.
(microtype)             Ignoring protrusion settings for this character.
Package microtype Info: Character `\textgreater ' is missing
(microtype)             in font `\EU1/FontAwesome(0)/m/sl/14.4'.
(microtype)             Ignoring protrusion settings for this character.


Package Fancyhdr Warning: \footskip is too small (30.0pt): 
 Make it at least 47.2816pt.
 We now make it that large for the rest of the document.
 This may cause the page layout to be inconsistent, however.

[2]) (./pubFa.bbl
LaTeX Font Info:    Font shape `EU1/IRLotusICEE(0)/m/n' will be
(Font)              scaled to size 11.99997pt on input line 18.
Package microtype Info: Loading generic settings for font family
(microtype)             `IRLotusICEE' (encoding: EU1).
(microtype)             For optimal results, create family-specific settings.
(microtype)             See the microtype manual for details.
Package microtype Info: Character `\AE ' is missing
(microtype)             in font `\EU1/IRLotusICEE(0)/m/n/10'.
(microtype)             Ignoring protrusion settings for this character.
Package microtype Info: Character `\textexclamdown ' is missing
(microtype)             in font `\EU1/IRLotusICEE(0)/m/n/10'.
(microtype)             Ignoring protrusion settings for this character.
Package microtype Info: Character `\textquestiondown ' is missing
(microtype)             in font `\EU1/IRLotusICEE(0)/m/n/10'.
(microtype)             Ignoring protrusion settings for this character.
LaTeX Font Info:    Font shape `EU1/IRLotusICEE(0)/m/it' will be
(Font)              scaled to size 11.99997pt on input line 18.
Package microtype Info: Character `\AE ' is missing
(microtype)             in font `\EU1/IRLotusICEE(0)/m/it/10'.
(microtype)             Ignoring protrusion settings for this character.
Package microtype Info: Character `\textexclamdown ' is missing
(microtype)             in font `\EU1/IRLotusICEE(0)/m/it/10'.
(microtype)             Ignoring protrusion settings for this character.
Package microtype Info: Character `\textquestiondown ' is missing
(microtype)             in font `\EU1/IRLotusICEE(0)/m/it/10'.
(microtype)             Ignoring protrusion settings for this character.


Package Fancyhdr Warning: \footskip is too small (30.0pt): 
 Make it at least 47.2816pt.
 We now make it that large for the rest of the document.
 This may cause the page layout to be inconsistent, however.

[3]
LaTeX Font Info:    Font shape `EU1/IRLotusICEE(0)/m/n' will be
(Font)              scaled to size 8.39998pt on input line 173.
Package microtype Info: Character `\AE ' is missing
(microtype)             in font `\EU1/IRLotusICEE(0)/m/n/7'.
(microtype)             Ignoring protrusion settings for this character.
Package microtype Info: Character `\textexclamdown ' is missing
(microtype)             in font `\EU1/IRLotusICEE(0)/m/n/7'.
(microtype)             Ignoring protrusion settings for this character.
Package microtype Info: Character `\textquestiondown ' is missing
(microtype)             in font `\EU1/IRLotusICEE(0)/m/n/7'.
(microtype)             Ignoring protrusion settings for this character.


Package Fancyhdr Warning: \footskip is too small (30.0pt): 
 Make it at least 47.2816pt.
 We now make it that large for the rest of the document.
 This may cause the page layout to be inconsistent, however.

[4])
Package atveryend Info: Empty hook `BeforeClearDocument' on input line 151.


Package Fancyhdr Warning: \footskip is too small (30.0pt): 
 Make it at least 47.2816pt.
 We now make it that large for the rest of the document.
 This may cause the page layout to be inconsistent, however.

[5]
Package atveryend Info: Empty hook `AfterLastShipout' on input line 151.
 (./Amintoosi_CV_en.aux)
Package atveryend Info: Empty hook `AtVeryEndDocument' on input line 151.
Package atveryend Info: Empty hook `AtEndAfterFileList' on input line 151.


LaTeX Font Warning: Some font shapes were not available, defaults substituted.

 ) 
Here is how much of TeX's memory you used:
 26900 strings out of 493638
 479658 string characters out of 4894395
 6543872 words of memory out of 18000000
 29980 multiletter control sequences out of 15000+600000
 16671 words of font info for 54 fonts, out of 3000000 for 9000
 1328 hyphenation exceptions out of 8191
 69i,14n,80p,10369b,579s stack positions out of 5000i,500n,10000p,200000b,80000s

Output written on Amintoosi_CV_en.pdf (5 pages).
