This is XeTeX, Version 3.14159265-2.6-0.99992 (TeX Live 2015/W32TeX) (preloaded format=xelatex 2020.4.8)  4 JAN 2021 07:32
entering extended mode
 restricted \write18 enabled.
 %&-line parsing enabled.
**./Amintoosi_CV.tex
(./Amintoosi_CV.tex
LaTeX2e <2016/02/01>
Babel <3.9q> and hyphenation patterns for 81 language(s) loaded.
(c:/Programs/texlive/2015/texmf-dist/tex/xelatex/bidi/bidimoderncv.cls
Document Class: bidimoderncv 
(c:/Programs/texlive/2015/texmf-dist/tex/latex/base/size11.clo
File: size11.clo 2014/09/29 v1.4h Standard LaTeX file (size option)
)
(c:/Programs/texlive/2015/texmf-dist/tex/latex/graphics/color.sty
Package: color 2016/01/03 v1.1b Standard LaTeX Color (DPC)

(c:/Programs/texlive/2015/texmf-dist/tex/latex/latexconfig/color.cfg
File: color.cfg 2007/01/18 v1.5 color configuration of teTeX/TeXLive
)
Package color Info: Driver file: xetex.def on input line 143.

(c:/Programs/texlive/2015/texmf-dist/tex/xelatex/xetex-def/xetex.def
File: xetex.def 2015/09/11 v4.06 LaTeX color/graphics driver for XeTeX (TeX Liv
e/RRM/JK)

(c:/Programs/texlive/2015/texmf-dist/tex/generic/oberdiek/infwarerr.sty
Package: infwarerr 2010/04/08 v1.3 Providing info/warning/error messages (HO)
)
(c:/Programs/texlive/2015/texmf-dist/tex/generic/oberdiek/ltxcmds.sty
Package: ltxcmds 2011/11/09 v1.22 LaTeX kernel commands for general use (HO)
)))
(c:/Programs/texlive/2015/texmf-dist/tex/latex/graphics/graphicx.sty
Package: graphicx 2014/10/28 v1.0g Enhanced LaTeX Graphics (DPC,SPQR)

(c:/Programs/texlive/2015/texmf-dist/tex/latex/graphics/keyval.sty
Package: keyval 2014/10/28 v1.15 key=value parser (DPC)
\KV@toks@=\toks14
)
(c:/Programs/texlive/2015/texmf-dist/tex/latex/graphics/graphics.sty
Package: graphics 2016/01/03 v1.0q Standard LaTeX Graphics (DPC,SPQR)

(c:/Programs/texlive/2015/texmf-dist/tex/latex/graphics/trig.sty
Package: trig 2016/01/03 v1.10 sin cos tan (DPC)
)
(c:/Programs/texlive/2015/texmf-dist/tex/latex/latexconfig/graphics.cfg
File: graphics.cfg 2010/04/23 v1.9 graphics configuration of TeX Live
)
Package graphics Info: Driver file: xetex.def on input line 95.
)
\Gin@req@height=\dimen102
\Gin@req@width=\dimen103
)
(c:/Programs/texlive/2015/texmf-dist/tex/latex/base/ifthen.sty
Package: ifthen 2014/09/29 v1.1c Standard LaTeX ifthen package (DPC)
)
(c:/Programs/texlive/2015/texmf-dist/tex/latex/marvosym/marvosym.sty
Package: marvosym 2011/07/20 v2.2 Martin Vogel's Symbols font definitions
)
(c:/Programs/texlive/2015/texmf-dist/tex/latex/url/url.sty
\Urlmuskip=\muskip10
Package: url 2013/09/16  ver 3.4  Verb mode for urls, etc.
)
(c:/Programs/texlive/2015/texmf-dist/tex/latex/hyperref/hyperref.sty
Package: hyperref 2012/11/06 v6.83m Hypertext links for LaTeX

(c:/Programs/texlive/2015/texmf-dist/tex/generic/oberdiek/hobsub-hyperref.sty
Package: hobsub-hyperref 2012/05/28 v1.13 Bundle oberdiek, subset hyperref (HO)


(c:/Programs/texlive/2015/texmf-dist/tex/generic/oberdiek/hobsub-generic.sty
Package: hobsub-generic 2012/05/28 v1.13 Bundle oberdiek, subset generic (HO)
Package: hobsub 2012/05/28 v1.13 Construct package bundles (HO)
Package hobsub Info: Skipping package `infwarerr' (already loaded).
Package hobsub Info: Skipping package `ltxcmds' (already loaded).
Package: ifluatex 2010/03/01 v1.3 Provides the ifluatex switch (HO)
Package ifluatex Info: LuaTeX not detected.
Package: ifvtex 2010/03/01 v1.5 Detect VTeX and its facilities (HO)
Package ifvtex Info: VTeX not detected.
Package: intcalc 2007/09/27 v1.1 Expandable calculations with integers (HO)
Package: ifpdf 2011/01/30 v2.3 Provides the ifpdf switch (HO)
Package ifpdf Info: pdfTeX in PDF mode is not detected.
Package: etexcmds 2011/02/16 v1.5 Avoid name clashes with e-TeX commands (HO)
Package etexcmds Info: Could not find \expanded.
(etexcmds)             That can mean that you are not using pdfTeX 1.50 or
(etexcmds)             that some package has redefined \expanded.
(etexcmds)             In the latter case, load this package earlier.
Package: kvsetkeys 2012/04/25 v1.16 Key value parser (HO)
Package: kvdefinekeys 2011/04/07 v1.3 Define keys (HO)
Package: pdftexcmds 2011/11/29 v0.20 Utility functions of pdfTeX for LuaTeX (HO
)
Package pdftexcmds Info: LuaTeX not detected.
Package pdftexcmds Info: pdfTeX >= 1.30 not detected.
Package pdftexcmds Info: \pdf@primitive is available.
Package pdftexcmds Info: \pdf@ifprimitive is available.
Package pdftexcmds Info: \pdfdraftmode not found.
Package: pdfescape 2011/11/25 v1.13 Implements pdfTeX's escape features (HO)
Package: bigintcalc 2012/04/08 v1.3 Expandable calculations on big integers (HO
)
Package: bitset 2011/01/30 v1.1 Handle bit-vector datatype (HO)
Package: uniquecounter 2011/01/30 v1.2 Provide unlimited unique counter (HO)
)
Package hobsub Info: Skipping package `hobsub' (already loaded).
Package: letltxmacro 2010/09/02 v1.4 Let assignment for LaTeX macros (HO)
Package: hopatch 2012/05/28 v1.2 Wrapper for package hooks (HO)
Package: xcolor-patch 2011/01/30 xcolor patch
Package: atveryend 2011/06/30 v1.8 Hooks at the very end of document (HO)
Package atveryend Info: \enddocument detected (standard20110627).
Package: atbegshi 2011/10/05 v1.16 At begin shipout hook (HO)
Package: refcount 2011/10/16 v3.4 Data extraction from label references (HO)
Package: hycolor 2011/01/30 v1.7 Color options for hyperref/bookmark (HO)
)
(c:/Programs/texlive/2015/texmf-dist/tex/generic/ifxetex/ifxetex.sty
Package: ifxetex 2010/09/12 v0.6 Provides ifxetex conditional
)
(c:/Programs/texlive/2015/texmf-dist/tex/latex/oberdiek/auxhook.sty
Package: auxhook 2011/03/04 v1.3 Hooks for auxiliary files (HO)
)
(c:/Programs/texlive/2015/texmf-dist/tex/latex/oberdiek/kvoptions.sty
Package: kvoptions 2011/06/30 v3.11 Key value format for package options (HO)
)
\@linkdim=\dimen104
\Hy@linkcounter=\count79
\Hy@pagecounter=\count80

(c:/Programs/texlive/2015/texmf-dist/tex/latex/hyperref/pd1enc.def
File: pd1enc.def 2012/11/06 v6.83m Hyperref: PDFDocEncoding definition (HO)
)
\Hy@SavedSpaceFactor=\count81

(c:/Programs/texlive/2015/texmf-dist/tex/latex/latexconfig/hyperref.cfg
File: hyperref.cfg 2002/06/06 v1.2 hyperref configuration of TeXLive
)
Package hyperref Info: Hyper figures OFF on input line 4443.
Package hyperref Info: Link nesting OFF on input line 4448.
Package hyperref Info: Hyper index ON on input line 4451.
Package hyperref Info: Plain pages OFF on input line 4458.
Package hyperref Info: Backreferencing OFF on input line 4463.
Package hyperref Info: Implicit mode ON; LaTeX internals redefined.
Package hyperref Info: Bookmarks ON on input line 4688.
\c@Hy@tempcnt=\count82
LaTeX Info: Redefining \url on input line 5041.
\XeTeXLinkMargin=\dimen105
\Fld@menulength=\count83
\Field@Width=\dimen106
\Fld@charsize=\dimen107
Package hyperref Info: Hyper figures OFF on input line 6295.
Package hyperref Info: Link nesting OFF on input line 6300.
Package hyperref Info: Hyper index ON on input line 6303.
Package hyperref Info: backreferencing OFF on input line 6310.
Package hyperref Info: Link coloring OFF on input line 6315.
Package hyperref Info: Link coloring with OCG OFF on input line 6320.
Package hyperref Info: PDF/A mode OFF on input line 6325.
LaTeX Info: Redefining \ref on input line 6365.
LaTeX Info: Redefining \pageref on input line 6369.


Package hyperref Warning: Option `pdfpagelabels' is turned off
(hyperref)                because \thepage is undefined.

\c@Item=\count84
\c@Hfootnote=\count85
)

Package hyperref Message: Driver (autodetected): hxetex.

(c:/Programs/texlive/2015/texmf-dist/tex/latex/hyperref/hxetex.def
File: hxetex.def 2012/11/06 v6.83m Hyperref driver for XeTeX

(c:/Programs/texlive/2015/texmf-dist/tex/latex/hyperref/puenc.def
File: puenc.def 2012/11/06 v6.83m Hyperref: PDF Unicode definition (HO)
)
(c:/Programs/texlive/2015/texmf-dist/tex/generic/oberdiek/stringenc.sty
Package: stringenc 2011/12/02 v1.10 Convert strings between diff. encodings (HO
)
)
\pdfm@box=\box26
\c@Hy@AnnotLevel=\count86
\HyField@AnnotCount=\count87
\Fld@listcount=\count88
\c@bookmark@seq@number=\count89

(c:/Programs/texlive/2015/texmf-dist/tex/latex/oberdiek/rerunfilecheck.sty
Package: rerunfilecheck 2011/04/15 v1.7 Rerun checks for auxiliary files (HO)
Package rerunfilecheck Info: Feature \pdfmdfivesum is not available
(rerunfilecheck)             (e.g. pdfTeX or LuaTeX with package `pdftexcmds').

(rerunfilecheck)             Therefore file contents cannot be checked efficien
tly
(rerunfilecheck)             and the loading of the package is aborted.
)
\Hy@SectionHShift=\skip41
)
Package hyperref Info: Option `breaklinks' set `true' on input line 90.

(c:/Programs/texlive/2015/texmf-dist/tex/latex/fancyhdr/fancyhdr.sty
\fancy@headwidth=\skip42
\f@ncyO@elh=\skip43
\f@ncyO@erh=\skip44
\f@ncyO@olh=\skip45
\f@ncyO@orh=\skip46
\f@ncyO@elf=\skip47
\f@ncyO@erf=\skip48
\f@ncyO@olf=\skip49
\f@ncyO@orf=\skip50
)
\quotewidth=\skip51
\hintscolumnwidth=\skip52
\separatorcolumnwidth=\skip53
\maincolumnwidth=\skip54
\doubleitemmaincolumnwidth=\skip55
\listitemsymbolwidth=\skip56
LaTeX Font Info:    Try loading font information for OMS+cmr on input line 173.


(c:/Programs/texlive/2015/texmf-dist/tex/latex/base/omscmr.fd
File: omscmr.fd 2014/09/29 v2.5h Standard LaTeX font definitions
)
LaTeX Font Info:    Font shape `OMS/cmr/m/n' in size <10.95> not available
(Font)              Font shape `OMS/cmsy/m/n' tried instead on input line 173.
\listitemmaincolumnwidth=\skip57
\listdoubleitemmaincolumnwidth=\skip58
\bibindent=\skip59
)
(c:/Programs/texlive/2015/texmf-dist/tex/latex/natbib/natbib.sty
Package: natbib 2010/09/13 8.31b (PWD, AO)
\bibhang=\skip60
\bibsep=\skip61
LaTeX Info: Redefining \cite on input line 694.
\c@NAT@ctr=\count90
)
(c:/Programs/texlive/2015/texmf-dist/tex/generic/oberdiek/se-ascii-print.def
File: se-ascii-print.def 2011/12/02 v1.10 stringenc: Printable ASCII characters

)
(c:/Programs/texlive/2015/texmf-dist/tex/latex/pgf/frontendlayer/tikz.sty
(c:/Programs/texlive/2015/texmf-dist/tex/latex/pgf/basiclayer/pgf.sty
(c:/Programs/texlive/2015/texmf-dist/tex/latex/pgf/utilities/pgfrcs.sty
(c:/Programs/texlive/2015/texmf-dist/tex/generic/pgf/utilities/pgfutil-common.t
ex
\pgfutil@everybye=\toks15
\pgfutil@tempdima=\dimen108
\pgfutil@tempdimb=\dimen109

(c:/Programs/texlive/2015/texmf-dist/tex/generic/pgf/utilities/pgfutil-common-l
ists.tex))
(c:/Programs/texlive/2015/texmf-dist/tex/generic/pgf/utilities/pgfutil-latex.de
f
\pgfutil@abb=\box27
 (c:/Programs/texlive/2015/texmf-dist/tex/latex/ms/everyshi.sty
Package: everyshi 2001/05/15 v3.00 EveryShipout Package (MS)
))
(c:/Programs/texlive/2015/texmf-dist/tex/generic/pgf/utilities/pgfrcs.code.tex
Package: pgfrcs 2015/08/07 v3.0.1a (rcs-revision 1.31)
))
Package: pgf 2015/08/07 v3.0.1a (rcs-revision 1.15)
 (c:/Programs/texlive/2015/texmf-dist/tex/latex/pgf/basiclayer/pgfcore.sty
(c:/Programs/texlive/2015/texmf-dist/tex/latex/pgf/systemlayer/pgfsys.sty
(c:/Programs/texlive/2015/texmf-dist/tex/generic/pgf/systemlayer/pgfsys.code.te
x
Package: pgfsys 2014/07/09 v3.0.1a (rcs-revision 1.48)

(c:/Programs/texlive/2015/texmf-dist/tex/generic/pgf/utilities/pgfkeys.code.tex
\pgfkeys@pathtoks=\toks16
\pgfkeys@temptoks=\toks17

(c:/Programs/texlive/2015/texmf-dist/tex/generic/pgf/utilities/pgfkeysfiltered.
code.tex
\pgfkeys@tmptoks=\toks18
))
\pgf@x=\dimen110
\pgf@y=\dimen111
\pgf@xa=\dimen112
\pgf@ya=\dimen113
\pgf@xb=\dimen114
\pgf@yb=\dimen115
\pgf@xc=\dimen116
\pgf@yc=\dimen117
\w@pgf@writea=\write3
\r@pgf@reada=\read1
\c@pgf@counta=\count91
\c@pgf@countb=\count92
\c@pgf@countc=\count93
\c@pgf@countd=\count94
\t@pgf@toka=\toks19
\t@pgf@tokb=\toks20
\t@pgf@tokc=\toks21

(c:/Programs/texlive/2015/texmf-dist/tex/generic/pgf/systemlayer/pgf.cfg
File: pgf.cfg 2008/05/14  (rcs-revision 1.7)
)
Driver file for pgf: pgfsys-xetex.def

(c:/Programs/texlive/2015/texmf-dist/tex/generic/pgf/systemlayer/pgfsys-xetex.d
ef
File: pgfsys-xetex.def 2014/07/09  (rcs-revision 1.11)

(c:/Programs/texlive/2015/texmf-dist/tex/generic/pgf/systemlayer/pgfsys-dvipdfm
x.def
File: pgfsys-dvipdfmx.def 2014/07/09  (rcs-revision 1.14)

(c:/Programs/texlive/2015/texmf-dist/tex/generic/pgf/systemlayer/pgfsys-common-
pdf.def
File: pgfsys-common-pdf.def 2013/10/10  (rcs-revision 1.13)
)
\pgfsys@objnum=\count95
)))
(c:/Programs/texlive/2015/texmf-dist/tex/generic/pgf/systemlayer/pgfsyssoftpath
.code.tex
File: pgfsyssoftpath.code.tex 2013/09/09  (rcs-revision 1.9)
\pgfsyssoftpath@smallbuffer@items=\count96
\pgfsyssoftpath@bigbuffer@items=\count97
)
(c:/Programs/texlive/2015/texmf-dist/tex/generic/pgf/systemlayer/pgfsysprotocol
.code.tex
File: pgfsysprotocol.code.tex 2006/10/16  (rcs-revision 1.4)
)) (c:/Programs/texlive/2015/texmf-dist/tex/latex/xcolor/xcolor.sty
Package: xcolor 2007/01/21 v2.11 LaTeX color extensions (UK)

(c:/Programs/texlive/2015/texmf-dist/tex/latex/latexconfig/color.cfg
File: color.cfg 2007/01/18 v1.5 color configuration of teTeX/TeXLive
)
Package xcolor Info: Driver file: xetex.def on input line 225.
LaTeX Info: Redefining \color on input line 702.
Package xcolor Info: Model `cmy' substituted by `cmy0' on input line 1337.
Package xcolor Info: Model `RGB' extended on input line 1353.
Package xcolor Info: Model `HTML' substituted by `rgb' on input line 1355.
Package xcolor Info: Model `Hsb' substituted by `hsb' on input line 1356.
Package xcolor Info: Model `tHsb' substituted by `hsb' on input line 1357.
Package xcolor Info: Model `HSB' substituted by `hsb' on input line 1358.
Package xcolor Info: Model `Gray' substituted by `gray' on input line 1359.
Package xcolor Info: Model `wave' substituted by `hsb' on input line 1360.
)
(c:/Programs/texlive/2015/texmf-dist/tex/generic/pgf/basiclayer/pgfcore.code.te
x
Package: pgfcore 2010/04/11 v3.0.1a (rcs-revision 1.7)
 (c:/Programs/texlive/2015/texmf-dist/tex/generic/pgf/math/pgfmath.code.tex
(c:/Programs/texlive/2015/texmf-dist/tex/generic/pgf/math/pgfmathcalc.code.tex
(c:/Programs/texlive/2015/texmf-dist/tex/generic/pgf/math/pgfmathutil.code.tex)

(c:/Programs/texlive/2015/texmf-dist/tex/generic/pgf/math/pgfmathparser.code.te
x
\pgfmath@dimen=\dimen118
\pgfmath@count=\count98
\pgfmath@box=\box28
\pgfmath@toks=\toks22
\pgfmath@stack@operand=\toks23
\pgfmath@stack@operation=\toks24
)
(c:/Programs/texlive/2015/texmf-dist/tex/generic/pgf/math/pgfmathfunctions.code
.tex
(c:/Programs/texlive/2015/texmf-dist/tex/generic/pgf/math/pgfmathfunctions.basi
c.code.tex)
(c:/Programs/texlive/2015/texmf-dist/tex/generic/pgf/math/pgfmathfunctions.trig
onometric.code.tex)
(c:/Programs/texlive/2015/texmf-dist/tex/generic/pgf/math/pgfmathfunctions.rand
om.code.tex)
(c:/Programs/texlive/2015/texmf-dist/tex/generic/pgf/math/pgfmathfunctions.comp
arison.code.tex)
(c:/Programs/texlive/2015/texmf-dist/tex/generic/pgf/math/pgfmathfunctions.base
.code.tex)
(c:/Programs/texlive/2015/texmf-dist/tex/generic/pgf/math/pgfmathfunctions.roun
d.code.tex)
(c:/Programs/texlive/2015/texmf-dist/tex/generic/pgf/math/pgfmathfunctions.misc
.code.tex)
(c:/Programs/texlive/2015/texmf-dist/tex/generic/pgf/math/pgfmathfunctions.inte
gerarithmetics.code.tex)))
(c:/Programs/texlive/2015/texmf-dist/tex/generic/pgf/math/pgfmathfloat.code.tex
\c@pgfmathroundto@lastzeros=\count99
))
(c:/Programs/texlive/2015/texmf-dist/tex/generic/pgf/basiclayer/pgfcorepoints.c
ode.tex
File: pgfcorepoints.code.tex 2013/10/07  (rcs-revision 1.27)
\pgf@picminx=\dimen119
\pgf@picmaxx=\dimen120
\pgf@picminy=\dimen121
\pgf@picmaxy=\dimen122
\pgf@pathminx=\dimen123
\pgf@pathmaxx=\dimen124
\pgf@pathminy=\dimen125
\pgf@pathmaxy=\dimen126
\pgf@xx=\dimen127
\pgf@xy=\dimen128
\pgf@yx=\dimen129
\pgf@yy=\dimen130
\pgf@zx=\dimen131
\pgf@zy=\dimen132
)
(c:/Programs/texlive/2015/texmf-dist/tex/generic/pgf/basiclayer/pgfcorepathcons
truct.code.tex
File: pgfcorepathconstruct.code.tex 2013/10/07  (rcs-revision 1.29)
\pgf@path@lastx=\dimen133
\pgf@path@lasty=\dimen134
)
(c:/Programs/texlive/2015/texmf-dist/tex/generic/pgf/basiclayer/pgfcorepathusag
e.code.tex
File: pgfcorepathusage.code.tex 2014/11/02  (rcs-revision 1.24)
\pgf@shorten@end@additional=\dimen135
\pgf@shorten@start@additional=\dimen136
)
(c:/Programs/texlive/2015/texmf-dist/tex/generic/pgf/basiclayer/pgfcorescopes.c
ode.tex
File: pgfcorescopes.code.tex 2015/05/08  (rcs-revision 1.46)
\pgfpic=\box29
\pgf@hbox=\box30
\pgf@layerbox@main=\box31
\pgf@picture@serial@count=\count100
)
(c:/Programs/texlive/2015/texmf-dist/tex/generic/pgf/basiclayer/pgfcoregraphics
tate.code.tex
File: pgfcoregraphicstate.code.tex 2014/11/02  (rcs-revision 1.12)
\pgflinewidth=\dimen137
)
(c:/Programs/texlive/2015/texmf-dist/tex/generic/pgf/basiclayer/pgfcoretransfor
mations.code.tex
File: pgfcoretransformations.code.tex 2015/08/07  (rcs-revision 1.20)
\pgf@pt@x=\dimen138
\pgf@pt@y=\dimen139
\pgf@pt@temp=\dimen140
)
(c:/Programs/texlive/2015/texmf-dist/tex/generic/pgf/basiclayer/pgfcorequick.co
de.tex
File: pgfcorequick.code.tex 2008/10/09  (rcs-revision 1.3)
)
(c:/Programs/texlive/2015/texmf-dist/tex/generic/pgf/basiclayer/pgfcoreobjects.
code.tex
File: pgfcoreobjects.code.tex 2006/10/11  (rcs-revision 1.2)
)
(c:/Programs/texlive/2015/texmf-dist/tex/generic/pgf/basiclayer/pgfcorepathproc
essing.code.tex
File: pgfcorepathprocessing.code.tex 2013/09/09  (rcs-revision 1.9)
)
(c:/Programs/texlive/2015/texmf-dist/tex/generic/pgf/basiclayer/pgfcorearrows.c
ode.tex
File: pgfcorearrows.code.tex 2015/05/14  (rcs-revision 1.43)
\pgfarrowsep=\dimen141
)
(c:/Programs/texlive/2015/texmf-dist/tex/generic/pgf/basiclayer/pgfcoreshade.co
de.tex
File: pgfcoreshade.code.tex 2013/07/15  (rcs-revision 1.15)
\pgf@max=\dimen142
\pgf@sys@shading@range@num=\count101
)
(c:/Programs/texlive/2015/texmf-dist/tex/generic/pgf/basiclayer/pgfcoreimage.co
de.tex
File: pgfcoreimage.code.tex 2013/07/15  (rcs-revision 1.18)

(c:/Programs/texlive/2015/texmf-dist/tex/generic/pgf/basiclayer/pgfcoreexternal
.code.tex
File: pgfcoreexternal.code.tex 2014/07/09  (rcs-revision 1.21)
\pgfexternal@startupbox=\box32
))
(c:/Programs/texlive/2015/texmf-dist/tex/generic/pgf/basiclayer/pgfcorelayers.c
ode.tex
File: pgfcorelayers.code.tex 2013/07/18  (rcs-revision 1.7)
)
(c:/Programs/texlive/2015/texmf-dist/tex/generic/pgf/basiclayer/pgfcoretranspar
ency.code.tex
File: pgfcoretransparency.code.tex 2013/09/30  (rcs-revision 1.5)
)
(c:/Programs/texlive/2015/texmf-dist/tex/generic/pgf/basiclayer/pgfcorepatterns
.code.tex
File: pgfcorepatterns.code.tex 2013/11/07  (rcs-revision 1.5)
)))
(c:/Programs/texlive/2015/texmf-dist/tex/generic/pgf/modules/pgfmoduleshapes.co
de.tex
File: pgfmoduleshapes.code.tex 2014/03/21  (rcs-revision 1.35)
\pgfnodeparttextbox=\box33
)
(c:/Programs/texlive/2015/texmf-dist/tex/generic/pgf/modules/pgfmoduleplot.code
.tex
File: pgfmoduleplot.code.tex 2015/08/03  (rcs-revision 1.13)
)
(c:/Programs/texlive/2015/texmf-dist/tex/latex/pgf/compatibility/pgfcomp-versio
n-0-65.sty
Package: pgfcomp-version-0-65 2007/07/03 v3.0.1a (rcs-revision 1.7)
\pgf@nodesepstart=\dimen143
\pgf@nodesepend=\dimen144
)
(c:/Programs/texlive/2015/texmf-dist/tex/latex/pgf/compatibility/pgfcomp-versio
n-1-18.sty
Package: pgfcomp-version-1-18 2007/07/23 v3.0.1a (rcs-revision 1.1)
))
(c:/Programs/texlive/2015/texmf-dist/tex/latex/pgf/utilities/pgffor.sty
(c:/Programs/texlive/2015/texmf-dist/tex/latex/pgf/utilities/pgfkeys.sty
(c:/Programs/texlive/2015/texmf-dist/tex/generic/pgf/utilities/pgfkeys.code.tex
)) (c:/Programs/texlive/2015/texmf-dist/tex/latex/pgf/math/pgfmath.sty
(c:/Programs/texlive/2015/texmf-dist/tex/generic/pgf/math/pgfmath.code.tex))
(c:/Programs/texlive/2015/texmf-dist/tex/generic/pgf/utilities/pgffor.code.tex
Package: pgffor 2013/12/13 v3.0.1a (rcs-revision 1.25)

(c:/Programs/texlive/2015/texmf-dist/tex/generic/pgf/math/pgfmath.code.tex)
\pgffor@iter=\dimen145
\pgffor@skip=\dimen146
\pgffor@stack=\toks25
\pgffor@toks=\toks26
))
(c:/Programs/texlive/2015/texmf-dist/tex/generic/pgf/frontendlayer/tikz/tikz.co
de.tex
Package: tikz 2015/08/07 v3.0.1a (rcs-revision 1.151)

(c:/Programs/texlive/2015/texmf-dist/tex/generic/pgf/libraries/pgflibraryplotha
ndlers.code.tex
File: pgflibraryplothandlers.code.tex 2013/08/31 v3.0.1a (rcs-revision 1.20)
\pgf@plot@mark@count=\count102
\pgfplotmarksize=\dimen147
)
\tikz@lastx=\dimen148
\tikz@lasty=\dimen149
\tikz@lastxsaved=\dimen150
\tikz@lastysaved=\dimen151
\tikzleveldistance=\dimen152
\tikzsiblingdistance=\dimen153
\tikz@figbox=\box34
\tikz@figbox@bg=\box35
\tikz@tempbox=\box36
\tikz@tempbox@bg=\box37
\tikztreelevel=\count103
\tikznumberofchildren=\count104
\tikznumberofcurrentchild=\count105
\tikz@fig@count=\count106

(c:/Programs/texlive/2015/texmf-dist/tex/generic/pgf/modules/pgfmodulematrix.co
de.tex
File: pgfmodulematrix.code.tex 2013/09/17  (rcs-revision 1.8)
\pgfmatrixcurrentrow=\count107
\pgfmatrixcurrentcolumn=\count108
\pgf@matrix@numberofcolumns=\count109
)
\tikz@expandcount=\count110

(c:/Programs/texlive/2015/texmf-dist/tex/generic/pgf/frontendlayer/tikz/librari
es/tikzlibrarytopaths.code.tex
File: tikzlibrarytopaths.code.tex 2008/06/17 v3.0.1a (rcs-revision 1.2)
)))
(c:/Programs/texlive/2015/texmf-dist/tex/latex/tikzmark/tikzlibrarytikzmark.cod
e.tex) (c:/Programs/texlive/2015/texmf-dist/tex/latex/psnfss/pifont.sty
Package: pifont 2005/04/12 PSNFSS-v9.2a Pi font support (SPQR) 
LaTeX Font Info:    Try loading font information for U+pzd on input line 63.

(c:/Programs/texlive/2015/texmf-dist/tex/latex/psnfss/upzd.fd
File: upzd.fd 2001/06/04 font definitions for U/pzd.
)
LaTeX Font Info:    Try loading font information for U+psy on input line 64.

(c:/Programs/texlive/2015/texmf-dist/tex/latex/psnfss/upsy.fd
File: upsy.fd 2001/06/04 font definitions for U/psy.
))
(c:/Programs/texlive/2015/texmf-dist/tex/xelatex/xepersian/xepersian.sty
Package: xepersian 2015/12/07 v16.4 Persian typesetting in XeLaTeX

(c:/Programs/texlive/2015/texmf-dist/tex/latex/fontspec/fontspec.sty
(c:/Programs/texlive/2015/texmf-dist/tex/latex/l3kernel/expl3.sty
Package: expl3 2016/01/19 v6377 L3 programming layer (loader) 

(c:/Programs/texlive/2015/texmf-dist/tex/latex/l3kernel/expl3-code.tex
Package: expl3 2016/01/19 v6377 L3 programming layer (code)
L3 Module: l3bootstrap 2016/01/01 v6339 L3 Bootstrap code
L3 Module: l3names 2015/12/21 v6328 L3 Namespace for primitives
L3 Module: l3basics 2015/11/22 v6315 L3 Basic definitions
L3 Module: l3expan 2015/09/10 v5983 L3 Argument expansion
L3 Module: l3tl 2015/09/29 v6121 L3 Token lists
L3 Module: l3str 2016/01/03 v6357 L3 Strings
L3 Module: l3seq 2015/08/05 v5777 L3 Sequences and stacks
L3 Module: l3int 2016/01/05 v6366 L3 Integers
\c_max_int=\count111
\l_tmpa_int=\count112
\l_tmpb_int=\count113
\g_tmpa_int=\count114
\g_tmpb_int=\count115
L3 Module: l3quark 2015/08/17 v5855 L3 Quarks
L3 Module: l3prg 2015/11/01 v6216 L3 Control structures
\g__prg_map_int=\count116
L3 Module: l3clist 2015/09/02 v5901 L3 Comma separated lists
L3 Module: l3token 2015/11/11 v6249 L3 Experimental token manipulation
L3 Module: l3prop 2016/01/05 v6366 L3 Property lists
L3 Module: l3msg 2015/09/28 v6113 L3 Messages
L3 Module: l3file 2015/12/03 v6317 L3 File and I/O operations
\l_iow_line_count_int=\count117
\l__iow_target_count_int=\count118
\l__iow_current_line_int=\count119
\l__iow_current_word_int=\count120
\l__iow_current_indentation_int=\count121
L3 Module: l3skip 2016/01/05 v6366 L3 Dimensions and skips
\c_zero_dim=\dimen154
\c_max_dim=\dimen155
\l_tmpa_dim=\dimen156
\l_tmpb_dim=\dimen157
\g_tmpa_dim=\dimen158
\g_tmpb_dim=\dimen159
\c_zero_skip=\skip62
\c_max_skip=\skip63
\l_tmpa_skip=\skip64
\l_tmpb_skip=\skip65
\g_tmpa_skip=\skip66
\g_tmpb_skip=\skip67
\c_zero_muskip=\muskip11
\c_max_muskip=\muskip12
\l_tmpa_muskip=\muskip13
\l_tmpb_muskip=\muskip14
\g_tmpa_muskip=\muskip15
\g_tmpb_muskip=\muskip16
L3 Module: l3keys 2015/11/17 v6284 L3 Key-value interfaces
\g__keyval_level_int=\count122
\l_keys_choice_int=\count123
L3 Module: l3fp 2015/08/25 v5890 L3 Floating points
\c__fp_leading_shift_int=\count124
\c__fp_middle_shift_int=\count125
\c__fp_trailing_shift_int=\count126
\c__fp_big_leading_shift_int=\count127
\c__fp_big_middle_shift_int=\count128
\c__fp_big_trailing_shift_int=\count129
\c__fp_Bigg_leading_shift_int=\count130
\c__fp_Bigg_middle_shift_int=\count131
\c__fp_Bigg_trailing_shift_int=\count132
L3 Module: l3box 2015/08/09 v5822 L3 Experimental boxes
\c_empty_box=\box38
\l_tmpa_box=\box39
\l_tmpb_box=\box40
\g_tmpa_box=\box41
\g_tmpb_box=\box42
L3 Module: l3coffins 2015/08/06 v5789 L3 Coffin code layer
\l__coffin_internal_box=\box43
\l__coffin_internal_dim=\dimen160
\l__coffin_offset_x_dim=\dimen161
\l__coffin_offset_y_dim=\dimen162
\l__coffin_x_dim=\dimen163
\l__coffin_y_dim=\dimen164
\l__coffin_x_prime_dim=\dimen165
\l__coffin_y_prime_dim=\dimen166
\c_empty_coffin=\box44
\l__coffin_aligned_coffin=\box45
\l__coffin_aligned_internal_coffin=\box46
\l_tmpa_coffin=\box47
\l_tmpb_coffin=\box48
\l__coffin_display_coffin=\box49
\l__coffin_display_coord_coffin=\box50
\l__coffin_display_pole_coffin=\box51
\l__coffin_display_offset_dim=\dimen167
\l__coffin_display_x_dim=\dimen168
\l__coffin_display_y_dim=\dimen169
L3 Module: l3color 2014/08/23 v5354 L3 Experimental color support
L3 Module: l3sys 2015/09/25 v6087 L3 Experimental system/runtime functions
L3 Module: l3candidates 2016/01/14 v6376 L3 Experimental additions to l3kernel
\l__box_top_dim=\dimen170
\l__box_bottom_dim=\dimen171
\l__box_left_dim=\dimen172
\l__box_right_dim=\dimen173
\l__box_top_new_dim=\dimen174
\l__box_bottom_new_dim=\dimen175
\l__box_left_new_dim=\dimen176
\l__box_right_new_dim=\dimen177
\l__box_internal_box=\box52
\l__coffin_bounding_shift_dim=\dimen178
\l__coffin_left_corner_dim=\dimen179
\l__coffin_right_corner_dim=\dimen180
\l__coffin_bottom_corner_dim=\dimen181
\l__coffin_top_corner_dim=\dimen182
\l__coffin_scaled_total_height_dim=\dimen183
\l__coffin_scaled_width_dim=\dimen184
L3 Module: l3luatex 2015/11/11 v6250 L3 Experimental LuaTeX-specific functions
)
(c:/Programs/texlive/2015/texmf-dist/tex/latex/l3kernel/l3xdvipdfmx.def
File: l3xdvidpfmx.def 2015/11/11 v6250 L3 Experimental driver: xdvipdfmx
))
(c:/Programs/texlive/2015/texmf-dist/tex/latex/l3packages/xparse/xparse.sty
Package: xparse 2016/01/19 v6377 L3 Experimental document command parser
\l__xparse_current_arg_int=\count133
\l__xparse_m_args_int=\count134
\l__xparse_mandatory_args_int=\count135
\l__xparse_processor_int=\count136
\l__xparse_v_nesting_int=\count137
)
Package: fontspec 2016/02/01 v2.5a Font selection for XeLaTeX and LuaLaTeX

(c:/Programs/texlive/2015/texmf-dist/tex/latex/fontspec/fontspec-xetex.sty
Package: fontspec-xetex 2016/02/01 v2.5a Font selection for XeLaTeX and LuaLaTe
X
\l_fontspec_script_int=\count138
\l_fontspec_language_int=\count139
\l_fontspec_strnum_int=\count140
\l__fontspec_tmpa_dim=\dimen185
\l__fontspec_tmpb_dim=\dimen186
\l__fontspec_tmpc_dim=\dimen187
\g__file_internal_ior=\read2

(c:/Programs/texlive/2015/texmf-dist/tex/latex/base/fontenc.sty
Package: fontenc 2005/09/27 v1.99g Standard LaTeX package

(c:/Programs/texlive/2015/texmf-dist/tex/latex/euenc/eu1enc.def
File: eu1enc.def 2010/05/27 v0.1h Experimental Unicode font encodings
)
LaTeX Font Info:    Try loading font information for EU1+lmr on input line 105.


(c:/Programs/texlive/2015/texmf-dist/tex/latex/euenc/eu1lmr.fd
File: eu1lmr.fd 2009/10/30 v1.6 Font defs for Latin Modern
))
(c:/Programs/texlive/2015/texmf-dist/tex/xelatex/xunicode/xunicode.sty
File: xunicode.sty 2011/09/09 v0.981 provides access to latin accents and many 
other characters in Unicode lower plane

(c:/Programs/texlive/2015/texmf-dist/tex/latex/tipa/t3enc.def
File: t3enc.def 2001/12/31 T3 encoding
LaTeX Font Info:    Try loading font information for EU1+lmss on input line 357
.

(c:/Programs/texlive/2015/texmf-dist/tex/latex/euenc/eu1lmss.fd
File: eu1lmss.fd 2009/10/30 v1.6 Font defs for Latin Modern
))
\tipaTiiicode=\count141
\tipasavetokens=\toks27
\tipachecktokens=\toks28
)
.................................................
. LaTeX info: "xparse/define-command"
. 
. Defining command \__fontspec_post_arg:w with sig. 'mmO{}' on line 353.
.................................................
.................................................
. LaTeX info: "xparse/define-command"
. 
. Defining command \fontspec with sig. 'om' on line 355.
.................................................
.................................................
. LaTeX info: "xparse/define-command"
. 
. Defining command \setmainfont with sig. 'om' on line 365.
.................................................
.................................................
. LaTeX info: "xparse/define-command"
. 
. Defining command \setsansfont with sig. 'om' on line 375.
.................................................
.................................................
. LaTeX info: "xparse/define-command"
. 
. Defining command \setmonofont with sig. 'om' on line 385.
.................................................
.................................................
. LaTeX info: "xparse/define-command"
. 
. Defining command \setmathrm with sig. 'om' on line 399.
.................................................
.................................................
. LaTeX info: "xparse/define-command"
. 
. Defining command \setboldmathrm with sig. 'om' on line 407.
.................................................
.................................................
. LaTeX info: "xparse/define-command"
. 
. Defining command \setmathsf with sig. 'om' on line 415.
.................................................
.................................................
. LaTeX info: "xparse/define-command"
. 
. Defining command \setmathtt with sig. 'om' on line 423.
.................................................
.................................................
. LaTeX info: "xparse/define-command"
. 
. Defining command \newfontfamily with sig. 'mom' on line 437.
.................................................
.................................................
. LaTeX info: "xparse/define-command"
. 
. Defining command \newfontface with sig. 'mom' on line 453.
.................................................
.................................................
. LaTeX info: "xparse/define-command"
. 
. Defining command \defaultfontfeatures with sig. 't+om' on line 467.
.................................................
.................................................
. LaTeX info: "xparse/define-command"
. 
. Defining command \addfontfeatures with sig. 'm' on line 529.
.................................................
.................................................
. LaTeX info: "xparse/define-command"
. 
. Defining command \newfontfeature with sig. 'mm' on line 540.
.................................................
.................................................
. LaTeX info: "xparse/define-command"
. 
. Defining command \newAATfeature with sig. 'mmmm' on line 548.
.................................................
.................................................
. LaTeX info: "xparse/define-command"
. 
. Defining command \newopentypefeature with sig. 'mmm' on line 556.
.................................................
.................................................
. LaTeX info: "xparse/define-command"
. 
. Defining command \aliasfontfeature with sig. 'mm' on line 577.
.................................................
.................................................
. LaTeX info: "xparse/define-command"
. 
. Defining command \aliasfontfeatureoption with sig. 'mmm' on line 586.
.................................................
.................................................
. LaTeX info: "xparse/define-command"
. 
. Defining command \newfontscript with sig. 'mm' on line 590.
.................................................
.................................................
. LaTeX info: "xparse/define-command"
. 
. Defining command \newfontlanguage with sig. 'mm' on line 594.
.................................................
.................................................
. LaTeX info: "xparse/define-command"
. 
. Defining command \DeclareFontsExtensions with sig. 'm' on line 599.
.................................................
\l__fontspec_tmp_int=\count142

(c:/Programs/texlive/2015/texmf-dist/tex/latex/fontspec/fontspec.cfg)
LaTeX Info: Redefining \itshape on input line 2705.
LaTeX Info: Redefining \slshape on input line 2710.
LaTeX Info: Redefining \scshape on input line 2715.
LaTeX Info: Redefining \upshape on input line 2720.
\l__fontspec_em_int=\count143
\l__fontspec_emdef_int=\count144
LaTeX Info: Redefining \em on input line 2736.
LaTeX Info: Redefining \emph on input line 2742.
LaTeX Info: Redefining \- on input line 2746.
.................................................
. LaTeX info: "xparse/redefine-command"
. 
. Redefining command \oldstylenums with sig. 'm' on line 2841.
.................................................
.................................................
. LaTeX info: "xparse/define-command"
. 
. Defining command \liningnums with sig. 'm' on line 2845.
.................................................
))
(c:/Programs/texlive/2015/texmf-dist/tex/xelatex/xepersian/xepersian-persiancal
.sty
Package: xepersian-persiancal 2012/07/25 v0.2 provides Persian calendar
\XePersian@i=\count145
\XePersian@y=\count146
\XePersian@m=\count147
\XePersian@d=\count148
\XePersian@latini=\count149
\XePersian@persiani=\count150
\XePersian@latinii=\count151
\XePersian@persianii=\count152
\XePersian@latiniii=\count153
\XePersian@persianiii=\count154
\XePersian@latiniv=\count155
\XePersian@persianiv=\count156
\XePersian@latinv=\count157
\XePersian@persianv=\count158
\XePersian@latinvi=\count159
\XePersian@persianvi=\count160
\XePersian@latinvii=\count161
\XePersian@persianvii=\count162
\XePersian@latinviii=\count163
\XePersian@persianviii=\count164
\XePersian@latinix=\count165
\XePersian@persianix=\count166
\XePersian@latinx=\count167
\XePersian@persianx=\count168
\XePersian@latinxi=\count169
\XePersian@persianxi=\count170
\XePersian@latinxii=\count171
\XePersian@persianxii=\count172
\XePersian@persianxiii=\count173
\XePersian@temp=\count174
\XePersian@temptwo=\count175
\XePersian@tempthree=\count176
\XePersian@yModHundred=\count177
\XePersian@thirtytwo=\count178
\XePersian@dn=\count179
\XePersian@sn=\count180
\XePersian@mminusone=\count181
)
(c:/Programs/texlive/2015/texmf-dist/tex/xelatex/xepersian/xepersian-mathsdigit
spec.sty
Package: xepersian-mathsdigitspec 2015/12/07 v1.1.1 Unicode Persian maths digit
s in XeLaTeX
.................................................
. LaTeX info: "xparse/define-command"
. 
. Defining command \new@mathbf with sig. 'm' on line 132.
.................................................
.................................................
. LaTeX info: "xparse/define-command"
. 
. Defining command \new@mathit with sig. 'm' on line 140.
.................................................
.................................................
. LaTeX info: "xparse/define-command"
. 
. Defining command \new@mathrm with sig. 'm' on line 148.
.................................................
.................................................
. LaTeX info: "xparse/define-command"
. 
. Defining command \new@mathsf with sig. 'm' on line 156.
.................................................
.................................................
. LaTeX info: "xparse/define-command"
. 
. Defining command \new@mathtt with sig. 'm' on line 164.
.................................................
.................................................
. LaTeX info: "xparse/define-command"
. 
. Defining command \setdigitfont with sig. 'om' on line 167.
.................................................
.................................................
. LaTeX info: "xparse/define-command"
. 
. Defining command \setmathsfdigitfont with sig. 'om' on line 195.
.................................................
.................................................
. LaTeX info: "xparse/define-command"
. 
. Defining command \setmathttdigitfont with sig. 'om' on line 204.
.................................................
) (c:/Programs/texlive/2015/texmf-dist/tex/xelatex/bidi/bidi.sty
Package: bidi 2015/12/07 v19.1 Bidirectional typesetting in plain TeX and LaTeX


****************************************************
* 
* bidi package (Bidirectional typesetting in
* plain TeX and LaTeX, using XeTeX engine)
* 
* Description: A convenient interface for
* typesetting bidirectional texts in plain TeX
* and LaTeX. The package includes adaptations
* for use with many other commonly-used packages.
* 
* Copyright (c) 2009--2015 Vafa Khalighi
* 
* 2015/12/07, v19.1
* 
* License: LaTeX Project Public License, version
* 1.3c or higher (your choice)
* 
* Location on CTAN: /macros/xetex/latex/bidi
* 
* Issue tracker: https://github.com/persian-tex/bidi/issues
* 
* Support: persian-tex@tug.org
****************************************************
(c:/Programs/texlive/2015/texmf-dist/tex/generic/iftex/iftex.sty
Package: iftex 2013/04/04 v0.2 Provides if(tex) conditional for PDFTeX, XeTeX, 
and LuaTeX
)
(c:/Programs/texlive/2015/texmf-dist/tex/xelatex/bidi/biditools.sty
Package: biditools 2015/11/14 v0.8 Programming tools for bidi package
\@bidi@envbody=\toks29
\@bidi@emptytoks=\toks30
)
(c:/Programs/texlive/2015/texmf-dist/tex/latex/oberdiek/zref-abspage.sty
Package: zref-abspage 2012/04/04 v2.24 Module abspage for zref (HO)

(c:/Programs/texlive/2015/texmf-dist/tex/latex/oberdiek/zref-base.sty
Package: zref-base 2012/04/04 v2.24 Module base for zref (HO)
Package zref Info: New property list: main on input line 759.
Package zref Info: New property: default on input line 760.
Package zref Info: New property: page on input line 761.
)
\c@abspage=\count182
Package zref Info: New property: abspage on input line 62.
)
(c:/Programs/texlive/2015/texmf-dist/tex/latex/xkeyval/xkeyval.sty
Package: xkeyval 2014/12/03 v2.7a package option processing (HA)

(c:/Programs/texlive/2015/texmf-dist/tex/generic/xkeyval/xkeyval.tex
(c:/Programs/texlive/2015/texmf-dist/tex/generic/xkeyval/xkvutils.tex
\XKV@toks=\toks31
\XKV@tempa@toks=\toks32
)
\XKV@depth=\count183
File: xkeyval.tex 2014/12/03 v2.7a key=value parser (HA)
))
(c:/Programs/texlive/2015/texmf-dist/tex/xelatex/bidi/latex-xetex-bidi.def
File: latex-xetex-bidi.def 2015/11/14 v1.2.4 bidi adaptations for `latex.ltx' f
or XeTeX engine
\bidi@n@everypar=\toks33

(c:/Programs/texlive/2015/texmf-dist/tex/xelatex/bidi/footnote-xetex-bidi.def
File: footnote-xetex-bidi.def 2015/11/14 v0.9 bidi footnote macros for XeTeX en
gine
\c@footdir@label=\count184
\footdir@toks=\toks34
)
(c:/Programs/texlive/2015/texmf-dist/tex/xelatex/bidi/color-xetex-bidi.def
File: color-xetex-bidi.def 2013/04/08 v0.2 bidi adaptations for color package f
or XeTeX engine
LaTeX Info: Redefining \color on input line 46.
)
(c:/Programs/texlive/2015/texmf-dist/tex/xelatex/bidi/xcolor-xetex-bidi.def
File: xcolor-xetex-bidi.def 2013/04/08 v0.2 bidi adaptations for xcolor package
 for XeTeX engine
LaTeX Info: Redefining \color on input line 45.
LaTeX Info: Redefining \bidicolor on input line 88.
)
(c:/Programs/texlive/2015/texmf-dist/tex/xelatex/bidi/graphicx-xetex-bidi.def
File: graphicx-xetex-bidi.def 2012/01/01 v0.4 bidi adaptations for graphicx pac
kage for XeTeX engine
)
(c:/Programs/texlive/2015/texmf-dist/tex/xelatex/bidi/hyperref-xetex-bidi.def
File: hyperref-xetex-bidi.def 2015/11/26 v0.9 bidi adaptations for hyperref pac
kage for XeTeX engine
)
(c:/Programs/texlive/2015/texmf-dist/tex/xelatex/bidi/fancyhdr-xetex-bidi.def
File: fancyhdr-xetex-bidi.def 2012/04/18 v0.4 bidi adaptations for fancyhdr pac
kage for XeTeX engine
)
(c:/Programs/texlive/2015/texmf-dist/tex/xelatex/bidi/pgfcorescopes.code-xetex-
bidi.def
File: pgfcorescopes.code-xetex-bidi.def 2015/11/14 v0.1 bidi adaptations for pg
f package for XeTeX engine
)
(c:/Programs/texlive/2015/texmf-dist/tex/xelatex/bidi/natbib-xetex-bidi.def
File: natbib-xetex-bidi.def 2011/06/04 v0.1 bidi adaptations for natbib package
 for XeTeX engine
))
(c:/Programs/texlive/2015/texmf-dist/tex/xelatex/bidi/loadingorder-xetex-bidi.d
ef
File: loadingorder-xetex-bidi.def 2015/10/16 v0.96 making sure that bidi is the
 last package loaded
))
****************************************************
* 
* xepersian package (Persian for LaTeX, using XeTeX engine)
* 
* Description: The package supports Persian
* typesetting, using fonts provided in the
* distribution.
* 
* Copyright (c) 2008--2015 Vafa Khalighi
* 
* v16.4, 2015/12/07
* 
* License: LaTeX Project Public License, version
* 1.3c or higher (your choice)
* 
* Location on CTAN: /macros/xetex/latex/xepersian
* 
* Issue tracker: https://github.com/persian-tex/xepersian/issues
* 
* Support: persian-tex@tug.org
****************************************************
.................................................
. LaTeX info: "xparse/define-command"
. 
. Defining command \settextfont with sig. 'om' on line 101.
.................................................
.................................................
. LaTeX info: "xparse/define-command"
. 
. Defining command \setlatintextfont with sig. 'om' on line 118.
.................................................
.................................................
. LaTeX info: "xparse/define-command"
. 
. Defining command \defpersianfont with sig. 'mom' on line 135.
.................................................
.................................................
. LaTeX info: "xparse/define-command"
. 
. Defining command \deflatinfont with sig. 'mom' on line 150.
.................................................
.................................................
. LaTeX info: "xparse/define-command"
. 
. Defining command \setpersiansansfont with sig. 'om' on line 195.
.................................................
.................................................
. LaTeX info: "xparse/define-command"
. 
. Defining command \setpersianmonofont with sig. 'om' on line 204.
.................................................
.................................................
. LaTeX info: "xparse/define-command"
. 
. Defining command \setnavarfont with sig. 'om' on line 213.
.................................................
.................................................
. LaTeX info: "xparse/define-command"
. 
. Defining command \setpookfont with sig. 'om' on line 222.
.................................................
.................................................
. LaTeX info: "xparse/define-command"
. 
. Defining command \setsayehfont with sig. 'om' on line 231.
.................................................
.................................................
. LaTeX info: "xparse/define-command"
. 
. Defining command \setiranicfont with sig. 'om' on line 240.
.................................................

(c:/Programs/texlive/2015/texmf-dist/tex/xelatex/xepersian/loadingorder-xepersi
an.def
File: loadingorder-xepersian.def 2012/01/01 v0.3 making sure that xepersian is 
the last package loaded
)
(c:/Programs/texlive/2015/texmf-dist/tex/xelatex/xepersian/footnote-xepersian.d
ef
File: footnote-xepersian.def 2013/04/26 v0.4 footnote macros for xepersian pack
age
)
(c:/Programs/texlive/2015/texmf-dist/tex/xelatex/xepersian/hyperref-xepersian.d
ef
File: hyperref-xepersian.def 2015/02/02 v0.6 bilingual captions for hyperref pa
ckage
)
(c:/Programs/texlive/2015/texmf-dist/tex/xelatex/xepersian/natbib-xepersian.def
File: natbib-xepersian.def 2011/08/01 v0.1 adaptations for natbib package
LaTeX Info: Redefining \Latincite on input line 242.
)
(c:/Programs/texlive/2015/texmf-dist/tex/xelatex/xepersian/bidimoderncv-xepersi
an.def
File: bidimoderncv-xepersian.def 2010/07/25 v0.1 adaptations for bidimoderncv c
lass
)
\g__fontspec_family_lmroman10-regular_int=\count185
.................................................
. fontspec info: "defining-font"
. 
. Font family 'lmroman10-regular(0)' created for font 'lmroman10-regular' with
. options
. [Mapping=tex-text,ExternalLocation,BoldFont={lmroman10-bold},BoldItalicFont={
lmroman10-bolditalic},ItalicFont={lmroman10-italic},SmallCapsFont={lmromancaps1
0-regular},SlantedFont={lmromanslant10-regular},BoldSlantedFont={lmromanslant10
-bold}].
. 
. This font family consists of the following NFSS series/shapes:
. - 'normal' (m/n) with NFSS spec.:
. <->"[lmroman10-regular]/OT:script=latn;language=DFLT;mapping=tex-text;"
. - 'small caps'  (m/sc) with NFSS spec.:
. <->"[lmromancaps10-regular]/OT:script=latn;language=DFLT;mapping=tex-text;"-
. 'bold' (bx/n) with NFSS spec.:
. <->"[lmroman10-bold]/OT:script=latn;language=DFLT;mapping=tex-text;"
. - 'bold small caps'  (bx/sc) with NFSS spec.:
. <->"[lmromancaps10-regular]/OT:script=latn;language=DFLT;mapping=tex-text;"-
. 'italic' (m/it) with NFSS spec.:
. <->"[lmroman10-italic]/OT:script=latn;language=DFLT;mapping=tex-text;"
. - 'italic small caps'  (m/itsc) with NFSS spec.:
. <->"[lmromancaps10-regular]/OT:script=latn;language=DFLT;mapping=tex-text;"-
. 'slanted' (m/sl) with NFSS spec.:
. <->"[lmromanslant10-regular]/OT:script=latn;language=DFLT;mapping=tex-text;"
. - 'slanted small caps'  (m/slsc) with NFSS spec.:
. <->"[lmromancaps10-regular]/OT:script=latn;language=DFLT;mapping=tex-text;"-
. 'bold italic' (bx/it) with NFSS spec.:
. <->"[lmroman10-bolditalic]/OT:script=latn;language=DFLT;mapping=tex-text;"
. - 'bold italic small caps'  (bx/itsc) with NFSS spec.:
. <->"[lmromancaps10-regular]/OT:script=latn;language=DFLT;mapping=tex-text;"-
. 'bold slanted' (bx/sl) with NFSS spec.:
. <->"[lmromanslant10-bold]/OT:script=latn;language=DFLT;mapping=tex-text;"
. - 'bold slanted small caps'  (bx/slsc) with NFSS spec.:
. <->"[lmromancaps10-regular]/OT:script=latn;language=DFLT;mapping=tex-text;"
.................................................
)
*************************************************
* fontspec warning: "language-not-exist"
* 
* Language 'Parsi' not available for font 'IRLotusICEE.ttf' with script
* 'Parsi'.
* 'Default' language used instead.
*************************************************
\g__fontspec_family_IRLotusICEE.ttf_int=\count186
.................................................
. fontspec info: "defining-font"
. 
. Font family 'IRLotusICEE.ttf(0)' created for font 'IRLotusICEE.ttf' with
. options
. [Script=Parsi,Language=Parsi,Mapping=parsidigits,BoldFont={IRLotusICEE_Bold.t
tf},BoldItalicFont={IRLotusICEE_BoldIranic.ttf},ItalicFont={IRLotusICEE_Iranic.
ttf},Scale=1.2].
. 
. This font family consists of the following NFSS series/shapes:
. - 'normal' (m/n) with NFSS spec.:
. <->s*[1.2]"[IRLotusICEE]/OT:script=arab;language=DFLT;mapping=parsidigits;"
. - 'small caps'  (m/sc) with NFSS spec.: - 'bold' (bx/n) with NFSS spec.:
. <->s*[1.2]"[IRLotusICEE_Bold]/OT:script=arab;language=DFLT;mapping=parsidigit
s;"
. - 'bold small caps'  (bx/sc) with NFSS spec.: - 'italic' (m/it) with NFSS
. spec.:
. <->s*[1.2]"[IRLotusICEE_Iranic]/OT:script=arab;language=DFLT;mapping=parsidig
its;"
. - 'italic small caps'  (m/itsc) with NFSS spec.: - 'bold italic' (bx/it)
. with NFSS spec.:
. <->s*[1.2]"[IRLotusICEE_BoldIranic]/OT:script=arab;language=DFLT;mapping=pars
idigits;"
. - 'bold italic small caps'  (bx/itsc) with NFSS spec.: 
.................................................
LaTeX Font Info:    Font shape `EU1/IRLotusICEE.ttf(0)/m/n' will be
(Font)              scaled to size 13.13995pt on input line 16.
*************************************************
* fontspec warning: "language-not-exist"
* 
* Language 'Parsi' not available for font 'IRTitr' with script 'Parsi'.
* 'Default' language used instead.
*************************************************
\g__fontspec_family_IRTitr_int=\count187
.................................................
. fontspec info: "no-font-shape"
. 
. Could not resolve font IRTitr/BI (it probably doesn't exist).
.................................................
.................................................
. fontspec info: "no-font-shape"
. 
. Could not resolve font IRTitr/B (it probably doesn't exist).
.................................................
.................................................
. fontspec info: "no-font-shape"
. 
. Could not resolve font IRTitr/I (it probably doesn't exist).
.................................................
.................................................
. fontspec info: "defining-font"
. 
. Font family 'IRTitr(0)' created for font 'IRTitr' with options
. [Script=Parsi,Language=Parsi,Mapping=parsidigits,Scale=.8].
. 
. This font family consists of the following NFSS series/shapes:
. - 'normal' (m/n) with NFSS spec.:
. <->s*[.8]"IRTitr/OT:script=arab;language=DFLT;mapping=parsidigits;"
. - 'small caps'  (m/sc) with NFSS spec.: 
.................................................
(./Amintoosi_CV.aux)
\openout1 = `Amintoosi_CV.aux'.

LaTeX Font Info:    Checking defaults for OML/cmm/m/it on input line 34.
LaTeX Font Info:    ... okay on input line 34.
LaTeX Font Info:    Checking defaults for T1/cmr/m/n on input line 34.
LaTeX Font Info:    ... okay on input line 34.
LaTeX Font Info:    Checking defaults for OT1/cmr/m/n on input line 34.
LaTeX Font Info:    ... okay on input line 34.
LaTeX Font Info:    Checking defaults for OMS/cmsy/m/n on input line 34.
LaTeX Font Info:    ... okay on input line 34.
LaTeX Font Info:    Checking defaults for OMX/cmex/m/n on input line 34.
LaTeX Font Info:    ... okay on input line 34.
LaTeX Font Info:    Checking defaults for U/cmr/m/n on input line 34.
LaTeX Font Info:    ... okay on input line 34.
LaTeX Font Info:    Checking defaults for PD1/pdf/m/n on input line 34.
LaTeX Font Info:    ... okay on input line 34.
LaTeX Font Info:    Checking defaults for PU/pdf/m/n on input line 34.
LaTeX Font Info:    ... okay on input line 34.
LaTeX Font Info:    Checking defaults for EU1/lmr/m/n on input line 34.
LaTeX Font Info:    ... okay on input line 34.
LaTeX Font Info:    Checking defaults for T3/cmr/m/n on input line 34.
LaTeX Font Info:    Try loading font information for T3+cmr on input line 34.

(c:/Programs/texlive/2015/texmf-dist/tex/latex/tipa/t3cmr.fd
File: t3cmr.fd 2001/12/31 TIPA font definitions
)
LaTeX Font Info:    ... okay on input line 34.
\AtBeginShipoutBox=\box53
Package hyperref Info: Link coloring OFF on input line 34.

(c:/Programs/texlive/2015/texmf-dist/tex/latex/hyperref/nameref.sty
Package: nameref 2012/10/27 v2.43 Cross-referencing by name of section

(c:/Programs/texlive/2015/texmf-dist/tex/generic/oberdiek/gettitlestring.sty
Package: gettitlestring 2010/12/03 v1.4 Cleanup title references (HO)
)
\c@section@level=\count188
)
LaTeX Info: Redefining \ref on input line 34.
LaTeX Info: Redefining \pageref on input line 34.
LaTeX Info: Redefining \nameref on input line 34.

(./Amintoosi_CV.out) (./Amintoosi_CV.out)
\@outlinefile=\write4
\openout4 = `Amintoosi_CV.out'.


(c:/Programs/texlive/2015/texmf-dist/tex/xelatex/bidi/cvthemebidiclassic.sty
Package: cvthemebidiclassic 
\maketitlenamemaxwidth=\skip68
\maketitlenamefullwidth=\skip69
LaTeX Font Info:    Font shape `EU1/IRLotusICEE.ttf(0)/m/n' will be
(Font)              scaled to size 40.7999pt on input line 97.

*************************************************
* fontspec warning: "language-not-exist"
* 
* Language 'Parsi' not available for font 'IRLotusICEE.ttf' with script
* 'Parsi'.
* 'Default' language used instead.
*************************************************
*************************************************
* fontspec warning: "bad-colour"
* 
* Bad colour declaration "". Colour must be one of:
* * a named xcolor colour
* * a six-digit hex colour RRGGBB
* * an eight-digit hex colour RRGGBBTT with opacity
*************************************************
*************************************************
* fontspec warning: "bad-colour"
* 
* Bad colour declaration "". Colour must be one of:
* * a named xcolor colour
* * a six-digit hex colour RRGGBB
* * an eight-digit hex colour RRGGBBTT with opacity
*************************************************
*************************************************
* fontspec warning: "bad-colour"
* 
* Bad colour declaration "". Colour must be one of:
* * a named xcolor colour
* * a six-digit hex colour RRGGBB
* * an eight-digit hex colour RRGGBBTT with opacity
*************************************************
*************************************************
* fontspec warning: "bad-colour"
* 
* Bad colour declaration "". Colour must be one of:
* * a named xcolor colour
* * a six-digit hex colour RRGGBB
* * an eight-digit hex colour RRGGBBTT with opacity
*************************************************
.................................................
. fontspec info: "defining-font"
. 
. Font family 'IRLotusICEE.ttf(1)' created for font 'IRLotusICEE.ttf' with
. options
. [Script=Parsi,Language=Parsi,Mapping=parsidigits,BoldFont={IRLotusICEE_Bold.t
tf},BoldItalicFont={IRLotusICEE_BoldIranic.ttf},ItalicFont={IRLotusICEE_Iranic.
ttf},Scale=1.2,Color=].
. 
. This font family consists of the following NFSS series/shapes:
. - 'normal' (m/n) with NFSS spec.:
. <->s*[1.2]"[IRLotusICEE]/OT:script=arab;language=DFLT;mapping=parsidigits;"
. - 'small caps'  (m/sc) with NFSS spec.: - 'bold' (bx/n) with NFSS spec.:
. <->s*[1.2]"[IRLotusICEE_Bold]/OT:script=arab;language=DFLT;mapping=parsidigit
s;"
. - 'bold small caps'  (bx/sc) with NFSS spec.: - 'italic' (m/it) with NFSS
. spec.:
. <->s*[1.2]"[IRLotusICEE_Iranic]/OT:script=arab;language=DFLT;mapping=parsidig
its;"
. - 'italic small caps'  (m/itsc) with NFSS spec.: - 'bold italic' (bx/it)
. with NFSS spec.:
. <->s*[1.2]"[IRLotusICEE_BoldIranic]/OT:script=arab;language=DFLT;mapping=pars
idigits;"
. - 'bold italic small caps'  (bx/itsc) with NFSS spec.: 
.................................................
LaTeX Font Info:    Font shape `EU1/IRLotusICEE.ttf(1)/m/n' will be
(Font)              scaled to size 40.7999pt on input line 97.
LaTeX Font Info:    Font shape `EU1/IRTitr(0)/m/n' will be
(Font)              scaled to size 27.2001pt on input line 97.
*************************************************
* fontspec warning: "language-not-exist"
* 
* Language 'Parsi' not available for font 'IRLotusICEE.ttf' with script
* 'Parsi'.
* 'Default' language used instead.
*************************************************
\maketitlenamewidth=\skip70
\maketitlepicturewidth=\skip71
\maketitledetailswidth=\skip72
) ABD: EveryShipout initializing macros
*************************************************
* fontspec warning: "language-not-exist"
* 
* Language 'Parsi' not available for font 'IRLotusICEE.ttf' with script
* 'Parsi'.
* 'Default' language used instead.
*************************************************
*************************************************
* fontspec warning: "language-not-exist"
* 
* Language 'Parsi' not available for font 'IRLotusICEE.ttf' with script
* 'Parsi'.
* 'Default' language used instead.
*************************************************
LaTeX Font Info:    Font shape `EU1/IRLotusICEE.ttf(0)/m/n' will be
(Font)              scaled to size 20.73593pt on input line 42.
LaTeX Font Info:    Font shape `EU1/IRLotusICEE.ttf(0)/m/sl' in size <17.28> no
t available
(Font)              Font shape `EU1/IRLotusICEE.ttf(0)/m/it' tried instead on i
nput line 42.
LaTeX Font Info:    Font shape `EU1/IRLotusICEE.ttf(0)/m/it' will be
(Font)              scaled to size 20.73593pt on input line 42.
*************************************************
* fontspec warning: "language-not-exist"
* 
* Language 'Parsi' not available for font 'IRLotusICEE.ttf' with script
* 'Parsi'.
* 'Default' language used instead.
*************************************************
LaTeX Font Info:    Font shape `EU1/IRLotusICEE.ttf(0)/m/sl' in size <10.95> no
t available
(Font)              Font shape `EU1/IRLotusICEE.ttf(0)/m/it' tried instead on i
nput line 42.
LaTeX Font Info:    Font shape `EU1/IRLotusICEE.ttf(0)/m/it' will be
(Font)              scaled to size 13.13995pt on input line 42.
.................................................
. fontspec info: "defining-font"
. 
. Font family 'IRLotusICEE.ttf(2)' created for font 'IRLotusICEE.ttf' with
. options
. [Script=Parsi,Language=Parsi,Mapping=parsidigits,BoldFont={IRLotusICEE_Bold.t
tf},BoldItalicFont={IRLotusICEE_BoldIranic.ttf},ItalicFont={IRLotusICEE_Iranic.
ttf},Scale=1.2,Color=808080].
. 
. This font family consists of the following NFSS series/shapes:
. - 'normal' (m/n) with NFSS spec.:
. <->s*[1.2]"[IRLotusICEE]/OT:script=arab;language=DFLT;mapping=parsidigits;col
or=808080FF
. ;"
. - 'small caps'  (m/sc) with NFSS spec.: - 'bold' (bx/n) with NFSS spec.:
. <->s*[1.2]"[IRLotusICEE_Bold]/OT:script=arab;language=DFLT;mapping=parsidigit
s;color=808080FF
. ;"
. - 'bold small caps'  (bx/sc) with NFSS spec.: - 'italic' (m/it) with NFSS
. spec.:
. <->s*[1.2]"[IRLotusICEE_Iranic]/OT:script=arab;language=DFLT;mapping=parsidig
its;color=808080FF
. ;"
. - 'italic small caps'  (m/itsc) with NFSS spec.: - 'bold italic' (bx/it)
. with NFSS spec.:
. <->s*[1.2]"[IRLotusICEE_BoldIranic]/OT:script=arab;language=DFLT;mapping=pars
idigits;color=808080FF
. ;"
. - 'bold italic small caps'  (bx/itsc) with NFSS spec.: 
.................................................
LaTeX Font Info:    Font shape `EU1/IRLotusICEE.ttf(2)/m/sl' in size <17.28> no
t available
(Font)              Font shape `EU1/IRLotusICEE.ttf(2)/m/it' tried instead on i
nput line 42.
LaTeX Font Info:    Font shape `EU1/IRLotusICEE.ttf(2)/m/it' will be
(Font)              scaled to size 20.73593pt on input line 42.
*************************************************
* fontspec warning: "language-not-exist"
* 
* Language 'Parsi' not available for font 'IRLotusICEE.ttf' with script
* 'Parsi'.
* 'Default' language used instead.
*************************************************
.................................................
. fontspec info: "defining-font"
. 
. Font family 'IRLotusICEE.ttf(3)' created for font 'IRLotusICEE.ttf' with
. options
. [Script=Parsi,Language=Parsi,Mapping=parsidigits,BoldFont={IRLotusICEE_Bold.t
tf},BoldItalicFont={IRLotusICEE_BoldIranic.ttf},ItalicFont={IRLotusICEE_Iranic.
ttf},Scale=1.2,Color=696969].
. 
. This font family consists of the following NFSS series/shapes:
. - 'normal' (m/n) with NFSS spec.:
. <->s*[1.2]"[IRLotusICEE]/OT:script=arab;language=DFLT;mapping=parsidigits;col
or=696969FF
. ;"
. - 'small caps'  (m/sc) with NFSS spec.: - 'bold' (bx/n) with NFSS spec.:
. <->s*[1.2]"[IRLotusICEE_Bold]/OT:script=arab;language=DFLT;mapping=parsidigit
s;color=696969FF
. ;"
. - 'bold small caps'  (bx/sc) with NFSS spec.: - 'italic' (m/it) with NFSS
. spec.:
. <->s*[1.2]"[IRLotusICEE_Iranic]/OT:script=arab;language=DFLT;mapping=parsidig
its;color=696969FF
. ;"
. - 'italic small caps'  (m/itsc) with NFSS spec.: - 'bold italic' (bx/it)
. with NFSS spec.:
. <->s*[1.2]"[IRLotusICEE_BoldIranic]/OT:script=arab;language=DFLT;mapping=pars
idigits;color=696969FF
. ;"
. - 'bold italic small caps'  (bx/itsc) with NFSS spec.: 
.................................................
LaTeX Font Info:    Font shape `EU1/IRLotusICEE.ttf(3)/m/sl' in size <10.95> no
t available
(Font)              Font shape `EU1/IRLotusICEE.ttf(3)/m/it' tried instead on i
nput line 42.
LaTeX Font Info:    Font shape `EU1/IRLotusICEE.ttf(3)/m/it' will be
(Font)              scaled to size 13.13995pt on input line 42.
LaTeX Font Info:    Try loading font information for U+mvs on input line 42.
(c:/Programs/texlive/2015/texmf-dist/tex/latex/marvosym/umvs.fd)

Package xcolor Warning: Incompatible color definition on input line 42.

File: mAmintoosi139408.jpg Graphic file (type QTm)
<use  "mAmintoosi139408.jpg" >
Overfull \hbox (6.79999pt too wide) in paragraph at lines 42--42
[][][][]| [][][][] [][][]
 []


Underfull \hbox (badness 10000) in paragraph at lines 42--42
[][][][][][]
 []

LaTeX Font Info:    Font shape `EU1/IRLotusICEE.ttf(0)/m/n' will be
(Font)              scaled to size 11.99997pt on input line 46.
LaTeX Font Info:    External font `cmex10' loaded for size
(Font)              <10.95> on input line 46.
LaTeX Font Info:    External font `cmex10' loaded for size
(Font)              <8> on input line 46.
LaTeX Font Info:    External font `cmex10' loaded for size
(Font)              <6> on input line 46.
LaTeX Font Info:    Font shape `EU1/IRLotusICEE.ttf(0)/m/n' will be
(Font)              scaled to size 17.27994pt on input line 46.
*************************************************
* fontspec warning: "language-not-exist"
* 
* Language 'Parsi' not available for font 'IRLotusICEE.ttf' with script
* 'Parsi'.
* 'Default' language used instead.
*************************************************
.................................................
. fontspec info: "defining-font"
. 
. Font family 'IRLotusICEE.ttf(4)' created for font 'IRLotusICEE.ttf' with
. options
. [Script=Parsi,Language=Parsi,Mapping=parsidigits,BoldFont={IRLotusICEE_Bold.t
tf},BoldItalicFont={IRLotusICEE_BoldIranic.ttf},ItalicFont={IRLotusICEE_Iranic.
ttf},Scale=1.2,Color=1E90FF].
. 
. This font family consists of the following NFSS series/shapes:
. - 'normal' (m/n) with NFSS spec.:
. <->s*[1.2]"[IRLotusICEE]/OT:script=arab;language=DFLT;mapping=parsidigits;col
or=1E90FFFF
. ;"
. - 'small caps'  (m/sc) with NFSS spec.: - 'bold' (bx/n) with NFSS spec.:
. <->s*[1.2]"[IRLotusICEE_Bold]/OT:script=arab;language=DFLT;mapping=parsidigit
s;color=1E90FFFF
. ;"
. - 'bold small caps'  (bx/sc) with NFSS spec.: - 'italic' (m/it) with NFSS
. spec.:
. <->s*[1.2]"[IRLotusICEE_Iranic]/OT:script=arab;language=DFLT;mapping=parsidig
its;color=1E90FFFF
. ;"
. - 'italic small caps'  (m/itsc) with NFSS spec.: - 'bold italic' (bx/it)
. with NFSS spec.:
. <->s*[1.2]"[IRLotusICEE_BoldIranic]/OT:script=arab;language=DFLT;mapping=pars
idigits;color=1E90FFFF
. ;"
. - 'bold italic small caps'  (bx/itsc) with NFSS spec.: 
.................................................
LaTeX Font Info:    Font shape `EU1/IRLotusICEE.ttf(4)/m/n' will be
(Font)              scaled to size 17.27994pt on input line 46.
LaTeX Font Info:    Font shape `EU1/IRLotusICEE.ttf(0)/bx/n' will be
(Font)              scaled to size 13.13995pt on input line 47.

Underfull \hbox (badness 10000) in paragraph at lines 46--50
[][]
 []

*************************************************
* fontspec warning: "language-not-exist"
* 
* Language 'Parsi' not available for font 'IRLotusICEE.ttf' with script
* 'Parsi'.
* 'Default' language used instead.
*************************************************

Underfull \hbox (badness 10000) in paragraph at lines 51--55
[][]
 []

*************************************************
* fontspec warning: "language-not-exist"
* 
* Language 'Parsi' not available for font 'IRLotusICEE.ttf' with script
* 'Parsi'.
* 'Default' language used instead.
*************************************************
LaTeX Font Info:    Font shape `EU1/IRLotusICEE.ttf(0)/m/n' will be
(Font)              scaled to size 14.39996pt on input line 58.
*************************************************
* fontspec warning: "language-not-exist"
* 
* Language 'Parsi' not available for font 'IRLotusICEE.ttf' with script
* 'Parsi'.
* 'Default' language used instead.
*************************************************
.................................................
. fontspec info: "defining-font"
. 
. Font family 'IRLotusICEE.ttf(5)' created for font 'IRLotusICEE.ttf' with
. options
. [Script=Parsi,Language=Parsi,Mapping=parsidigits,BoldFont={IRLotusICEE_Bold.t
tf},BoldItalicFont={IRLotusICEE_BoldIranic.ttf},ItalicFont={IRLotusICEE_Iranic.
ttf},Scale=1.2,Color=4682B4].
. 
. This font family consists of the following NFSS series/shapes:
. - 'normal' (m/n) with NFSS spec.:
. <->s*[1.2]"[IRLotusICEE]/OT:script=arab;language=DFLT;mapping=parsidigits;col
or=4682B4FF
. ;"
. - 'small caps'  (m/sc) with NFSS spec.: - 'bold' (bx/n) with NFSS spec.:
. <->s*[1.2]"[IRLotusICEE_Bold]/OT:script=arab;language=DFLT;mapping=parsidigit
s;color=4682B4FF
. ;"
. - 'bold small caps'  (bx/sc) with NFSS spec.: - 'italic' (m/it) with NFSS
. spec.:
. <->s*[1.2]"[IRLotusICEE_Iranic]/OT:script=arab;language=DFLT;mapping=parsidig
its;color=4682B4FF
. ;"
. - 'italic small caps'  (m/itsc) with NFSS spec.: - 'bold italic' (bx/it)
. with NFSS spec.:
. <->s*[1.2]"[IRLotusICEE_BoldIranic]/OT:script=arab;language=DFLT;mapping=pars
idigits;color=4682B4FF
. ;"
. - 'bold italic small caps'  (bx/itsc) with NFSS spec.: 
.................................................
LaTeX Font Info:    Font shape `EU1/IRLotusICEE.ttf(5)/m/n' will be
(Font)              scaled to size 14.39996pt on input line 58.

Underfull \hbox (badness 10000) in paragraph at lines 56--69
[][]
 []

*************************************************
* fontspec warning: "language-not-exist"
* 
* Language 'Parsi' not available for font 'IRLotusICEE.ttf' with script
* 'Parsi'.
* 'Default' language used instead.
*************************************************

Overfull \hbox (28.52621pt too wide) in paragraph at lines 73--73
[][]\U/pzd/m/n/10.95 HHN [] HHN []| []
 []


Overfull \hbox (29.05179pt too wide) in paragraph at lines 76--76
[][]\U/pzd/m/n/10.95 HMI [] HMI []| []
 []


Overfull \hbox (28.8328pt too wide) in paragraph at lines 78--78
[][]\U/pzd/m/n/10.95 HLI [] HLI []| []
 []


Underfull \hbox (badness 10000) in paragraph at lines 71--82
[][]
 []

*************************************************
* fontspec warning: "language-not-exist"
* 
* Language 'Parsi' not available for font 'IRLotusICEE.ttf' with script
* 'Parsi'.
* 'Default' language used instead.
*************************************************
LaTeX Font Info:    Font shape `EU1/IRLotusICEE.ttf(3)/m/sl' in size <9> not av
ailable
(Font)              Font shape `EU1/IRLotusICEE.ttf(3)/m/it' tried instead on i
nput line 83.
LaTeX Font Info:    Font shape `EU1/IRLotusICEE.ttf(3)/m/it' will be
(Font)              scaled to size 10.79997pt on input line 83.
[1

]
*************************************************
* fontspec warning: "language-not-exist"
* 
* Language 'Parsi' not available for font 'IRLotusICEE.ttf' with script
* 'Parsi'.
* 'Default' language used instead.
*************************************************
LaTeX Font Info:    Font shape `EU1/IRLotusICEE.ttf(0)/m/it' will be
(Font)              scaled to size 11.99997pt on input line 84.

Underfull \hbox (badness 10000) in paragraph at lines 83--91
[][]
 []

*************************************************
* fontspec warning: "language-not-exist"
* 
* Language 'Parsi' not available for font 'IRLotusICEE.ttf' with script
* 'Parsi'.
* 'Default' language used instead.
*************************************************

Underfull \hbox (badness 10000) in paragraph at lines 94--114
[][]
 []

*************************************************
* fontspec warning: "language-not-exist"
* 
* Language 'Parsi' not available for font 'IRLotusICEE.ttf' with script
* 'Parsi'.
* 'Default' language used instead.
*************************************************

Underfull \hbox (badness 10000) in paragraph at lines 120--123
[][]
 []

*************************************************
* fontspec warning: "language-not-exist"
* 
* Language 'Parsi' not available for font 'IRLotusICEE.ttf' with script
* 'Parsi'.
* 'Default' language used instead.
*************************************************
[2]
*************************************************
* fontspec warning: "language-not-exist"
* 
* Language 'Parsi' not available for font 'IRLotusICEE.ttf' with script
* 'Parsi'.
* 'Default' language used instead.
*************************************************

Underfull \hbox (badness 10000) in paragraph at lines 134--135
[][]
 []


Overfull \hbox (39.63881pt too wide) in paragraph at lines 147--149
[][]\EU1/lmroman10-regular(0)/m/n/10.95 Member of the EURO Working group on Aut
omated TimeTabling (WATT)  \EU1/lmroman10-regular(0)/m/it/8 http://www.asap.cs.
nott.ac.uk/ASAP/watt/ []
 []


Overfull \hbox (8.92723pt too wide) in paragraph at lines 149--150
[][]\EU1/lmroman10-regular(0)/m/n/10.95 Member of the EURO Special Interest Gro
up on Cutting and Packing (ESICUP).  \EU1/lmroman10-regular(0)/m/it/8 http://ww
w.apdio.pt/sicup/ []
 []

*************************************************
* fontspec warning: "language-not-exist"
* 
* Language 'Parsi' not available for font 'IRLotusICEE.ttf' with script
* 'Parsi'.
* 'Default' language used instead.
*************************************************

Underfull \hbox (badness 10000) in paragraph at lines 165--186
[][]
 []

*************************************************
* fontspec warning: "language-not-exist"
* 
* Language 'Parsi' not available for font 'IRLotusICEE.ttf' with script
* 'Parsi'.
* 'Default' language used instead.
*************************************************
[3] (./Amintoosi_CV.bbl
*************************************************
* fontspec warning: "language-not-exist"
* 
* Language 'Parsi' not available for font 'IRLotusICEE.ttf' with script
* 'Parsi'.
* 'Default' language used instead.
*************************************************
Missing character: There is no  in font [lmroman10-regular]/OT:script=latn;lan
guage=DFLT;mapping=tex-text;!
Missing character: There is no  in font [lmroman10-regular]/OT:script=latn;lan
guage=DFLT;mapping=tex-text;!
*************************************************
* fontspec warning: "language-not-exist"
* 
* Language 'Parsi' not available for font 'IRLotusICEE.ttf' with script
* 'Parsi'.
* 'Default' language used instead.
*************************************************
[4]
*************************************************
* fontspec warning: "language-not-exist"
* 
* Language 'Parsi' not available for font 'IRLotusICEE.ttf' with script
* 'Parsi'.
* 'Default' language used instead.
*************************************************
[5]
*************************************************
* fontspec warning: "language-not-exist"
* 
* Language 'Parsi' not available for font 'IRLotusICEE.ttf' with script
* 'Parsi'.
* 'Default' language used instead.
*************************************************
[6]
*************************************************
* fontspec warning: "language-not-exist"
* 
* Language 'Parsi' not available for font 'IRLotusICEE.ttf' with script
* 'Parsi'.
* 'Default' language used instead.
*************************************************
[7])
*************************************************
* fontspec warning: "language-not-exist"
* 
* Language 'Parsi' not available for font 'IRLotusICEE.ttf' with script
* 'Parsi'.
* 'Default' language used instead.
*************************************************
File: MSc-Projects.png Graphic file (type QTm)
<use  "MSc-Projects.png" >
*************************************************
* fontspec warning: "language-not-exist"
* 
* Language 'Parsi' not available for font 'IRLotusICEE.ttf' with script
* 'Parsi'.
* 'Default' language used instead.
*************************************************
[8]
Package atveryend Info: Empty hook `BeforeClearDocument' on input line 228.
Package atveryend Info: Empty hook `AfterLastShipout' on input line 228.
 (./Amintoosi_CV.aux)
Package atveryend Info: Empty hook `AtVeryEndDocument' on input line 228.
Package atveryend Info: Empty hook `AtEndAfterFileList' on input line 228.
Package atveryend Info: Empty hook `AtVeryVeryEnd' on input line 228.
 ) 
Here is how much of TeX's memory you used:
 32930 strings out of 493638
 637032 string characters out of 4894395
 6644498 words of memory out of 18000000
 35833 multiletter control sequences out of 15000+600000
 8338 words of font info for 88 fonts, out of 3000000 for 9000
 1328 hyphenation exceptions out of 8191
 55i,15n,72p,10558b,695s stack positions out of 5000i,500n,10000p,200000b,80000s

Output written on Amintoosi_CV.pdf (8 pages).
